{"C:\\Users\\sasikumar.nagalingam\\source\\repos\\ReactApp\\ReactApp\\src\\configureStore.ts": {"path":"C:\\Users\\sasikumar.nagalingam\\source\\repos\\ReactApp\\ReactApp\\src\\configureStore.ts","statementMap":{"0":{"start":{"line":11,"column":28},"end":{"line":11,"column":80}},"1":{"start":{"line":13,"column":30},"end":{"line":13,"column":112}},"2":{"start":{"line":14,"column":38},"end":{"line":17,"column":18}},"3":{"start":{"line":16,"column":93},"end":{"line":16,"column":97}},"4":{"start":{"line":20,"column":24},"end":{"line":20,"column":50}},"5":{"start":{"line":21,"column":18},"end":{"line":21,"column":97}},"6":{"start":{"line":24,"column":4},"end":{"line":29,"column":5}},"7":{"start":{"line":25,"column":8},"end":{"line":28,"column":11}},"8":{"start":{"line":26,"column":36},"end":{"line":26,"column":74}},"9":{"start":{"line":27,"column":12},"end":{"line":27,"column":77}},"10":{"start":{"line":31,"column":4},"end":{"line":31,"column":17}},"11":{"start":{"line":35,"column":4},"end":{"line":35,"column":105}}},"fnMap":{"0":{"name":"configureStore","decl":{"start":{"line":9,"column":14},"end":{"line":9,"column":38}},"loc":{"start":{"line":9,"column":88},"end":{"line":32,"column":1}}},"1":{"name":"(anonymous_1)","decl":{"start":{"line":16,"column":50},"end":{"line":16,"column":53}},"loc":{"start":{"line":16,"column":88},"end":{"line":16,"column":97}}},"2":{"name":"(anonymous_2)","decl":{"start":{"line":25,"column":37},"end":{"line":null,"column":-1}},"loc":{"start":{"line":25,"column":37},"end":{"line":28,"column":9}}},"3":{"name":"buildRootReducer","decl":{"start":{"line":34,"column":0},"end":{"line":34,"column":25}},"loc":{"start":{"line":34,"column":56},"end":{"line":36,"column":1}}}},"branchMap":{"0":{"loc":{"start":{"line":11,"column":60},"end":{"line":11,"column":64}},"type":"cond-expr","locations":[{"start":{"line":11,"column":60},"end":{"line":11,"column":64}},{"start":{"line":11,"column":67},"end":{"line":11,"column":80}}]},"1":{"loc":{"start":{"line":13,"column":30},"end":{"line":13,"column":45}},"type":"binary-expr","locations":[{"start":{"line":13,"column":30},"end":{"line":13,"column":45}},{"start":{"line":13,"column":49},"end":{"line":13,"column":112}}]},"2":{"loc":{"start":{"line":16,"column":28},"end":{"line":16,"column":47}},"type":"cond-expr","locations":[{"start":{"line":16,"column":28},"end":{"line":16,"column":47}},{"start":{"line":16,"column":50},"end":{"line":16,"column":97}}]},"3":{"loc":{"start":{"line":24,"column":4},"end":{"line":29,"column":5}},"type":"if","locations":[{"start":{"line":24,"column":4},"end":{"line":29,"column":5}},{"start":{"line":24,"column":4},"end":{"line":29,"column":5}}]}},"s":{"0":1,"1":1,"2":1,"3":1,"4":1,"5":1,"6":1,"7":0,"8":0,"9":0,"10":1,"11":1},"f":{"0":1,"1":1,"2":0,"3":1},"b":{"0":[0,1],"1":[1,1],"2":[0,1],"3":[0,1]}}
,"C:\\Users\\sasikumar.nagalingam\\source\\repos\\ReactApp\\ReactApp\\src\\routes.tsx": {"path":"C:\\Users\\sasikumar.nagalingam\\source\\repos\\ReactApp\\ReactApp\\src\\routes.tsx","statementMap":{"0":{"start":{"line":9,"column":23},"end":{"line":12,"column":14}}},"fnMap":{},"branchMap":{},"s":{"0":1},"f":{},"b":{}}
,"C:\\Users\\sasikumar.nagalingam\\source\\repos\\ReactApp\\ReactApp\\src\\api\\apiUrl.dev.ts": {"path":"C:\\Users\\sasikumar.nagalingam\\source\\repos\\ReactApp\\ReactApp\\src\\api\\apiUrl.dev.ts","statementMap":{"0":{"start":{"line":1,"column":1},"end":{"line":4,"column":0}},"1":{"start":{"line":2,"column":11},"end":{"line":2,"column":81}},"2":{"start":{"line":3,"column":11},"end":{"line":3,"column":69}},"3":{"start":{"line":4,"column":0},"end":{"line":4,"column":1}}},"fnMap":{"0":{"name":"(anonymous_0)","decl":{"start":{"line":1,"column":1},"end":{"line":null,"column":-1}},"loc":{"start":{"line":1,"column":1},"end":{"line":1,"column":0}}}},"branchMap":{},"s":{"0":3,"1":3,"2":3,"3":3},"f":{"0":3},"b":{}}
,"C:\\Users\\sasikumar.nagalingam\\source\\repos\\ReactApp\\ReactApp\\src\\api\\Prospect\\ProspectApi.ts": {"path":"C:\\Users\\sasikumar.nagalingam\\source\\repos\\ReactApp\\ReactApp\\src\\api\\Prospect\\ProspectApi.ts","statementMap":{"0":{"start":{"line":21,"column":19},"end":{"line":21,"column":36}},"1":{"start":{"line":22,"column":23},"end":{"line":22,"column":44}},"2":{"start":{"line":24,"column":34},"end":{"line":342,"column":1}},"3":{"start":{"line":24,"column":49},"end":{"line":342,"column":1}},"4":{"start":{"line":24,"column":63},"end":{"line":342,"column":1}},"5":{"start":{"line":25,"column":4},"end":{"line":341,"column":5}},"6":{"start":{"line":28,"column":12},"end":{"line":28,"column":60}},"7":{"start":{"line":29,"column":12},"end":{"line":179,"column":19}},"8":{"start":{"line":32,"column":40},"end":{"line":32,"column":55}},"9":{"start":{"line":35,"column":35},"end":{"line":35,"column":44}},"10":{"start":{"line":36,"column":20},"end":{"line":161,"column":21}},"11":{"start":{"line":37,"column":24},"end":{"line":37,"column":60}},"12":{"start":{"line":38,"column":24},"end":{"line":38,"column":58}},"13":{"start":{"line":39,"column":24},"end":{"line":39,"column":48}},"14":{"start":{"line":40,"column":24},"end":{"line":40,"column":46}},"15":{"start":{"line":41,"column":24},"end":{"line":41,"column":60}},"16":{"start":{"line":42,"column":24},"end":{"line":47,"column":25}},"17":{"start":{"line":43,"column":28},"end":{"line":43,"column":51}},"18":{"start":{"line":46,"column":28},"end":{"line":46,"column":50}},"19":{"start":{"line":50,"column":24},"end":{"line":72,"column":25}},"20":{"start":{"line":51,"column":28},"end":{"line":71,"column":31}},"21":{"start":{"line":53,"column":32},"end":{"line":70,"column":33}},"22":{"start":{"line":54,"column":36},"end":{"line":54,"column":73}},"23":{"start":{"line":55,"column":36},"end":{"line":55,"column":73}},"24":{"start":{"line":56,"column":36},"end":{"line":56,"column":73}},"25":{"start":{"line":57,"column":36},"end":{"line":57,"column":69}},"26":{"start":{"line":58,"column":36},"end":{"line":58,"column":67}},"27":{"start":{"line":60,"column":36},"end":{"line":60,"column":69}},"28":{"start":{"line":62,"column":37},"end":{"line":70,"column":33}},"29":{"start":{"line":63,"column":36},"end":{"line":63,"column":76}},"30":{"start":{"line":64,"column":36},"end":{"line":64,"column":76}},"31":{"start":{"line":65,"column":36},"end":{"line":65,"column":76}},"32":{"start":{"line":66,"column":36},"end":{"line":66,"column":72}},"33":{"start":{"line":67,"column":36},"end":{"line":67,"column":70}},"34":{"start":{"line":69,"column":36},"end":{"line":69,"column":72}},"35":{"start":{"line":76,"column":24},"end":{"line":90,"column":25}},"36":{"start":{"line":77,"column":28},"end":{"line":89,"column":31}},"37":{"start":{"line":79,"column":32},"end":{"line":87,"column":33}},"38":{"start":{"line":80,"column":36},"end":{"line":80,"column":67}},"39":{"start":{"line":82,"column":37},"end":{"line":87,"column":33}},"40":{"start":{"line":83,"column":36},"end":{"line":83,"column":67}},"41":{"start":{"line":85,"column":37},"end":{"line":87,"column":33}},"42":{"start":{"line":86,"column":36},"end":{"line":86,"column":68}},"43":{"start":{"line":92,"column":41},"end":{"line":92,"column":46}},"44":{"start":{"line":93,"column":24},"end":{"line":95,"column":25}},"45":{"start":{"line":94,"column":28},"end":{"line":94,"column":46}},"46":{"start":{"line":96,"column":24},"end":{"line":96,"column":52}},"47":{"start":{"line":97,"column":24},"end":{"line":97,"column":103}},"48":{"start":{"line":98,"column":24},"end":{"line":98,"column":180}},"49":{"start":{"line":99,"column":24},"end":{"line":99,"column":122}},"50":{"start":{"line":100,"column":24},"end":{"line":100,"column":146}},"51":{"start":{"line":101,"column":24},"end":{"line":101,"column":150}},"52":{"start":{"line":102,"column":24},"end":{"line":102,"column":71}},"53":{"start":{"line":103,"column":24},"end":{"line":103,"column":71}},"54":{"start":{"line":104,"column":24},"end":{"line":104,"column":71}},"55":{"start":{"line":105,"column":24},"end":{"line":105,"column":67}},"56":{"start":{"line":106,"column":24},"end":{"line":106,"column":69}},"57":{"start":{"line":107,"column":24},"end":{"line":107,"column":73}},"58":{"start":{"line":108,"column":24},"end":{"line":108,"column":77}},"59":{"start":{"line":109,"column":24},"end":{"line":109,"column":77}},"60":{"start":{"line":110,"column":24},"end":{"line":110,"column":77}},"61":{"start":{"line":111,"column":24},"end":{"line":111,"column":73}},"62":{"start":{"line":112,"column":24},"end":{"line":112,"column":75}},"63":{"start":{"line":113,"column":24},"end":{"line":113,"column":79}},"64":{"start":{"line":114,"column":24},"end":{"line":114,"column":61}},"65":{"start":{"line":115,"column":24},"end":{"line":115,"column":61}},"66":{"start":{"line":116,"column":24},"end":{"line":116,"column":63}},"67":{"start":{"line":117,"column":24},"end":{"line":117,"column":55}},"68":{"start":{"line":118,"column":24},"end":{"line":118,"column":59}},"69":{"start":{"line":119,"column":24},"end":{"line":144,"column":25}},"70":{"start":{"line":120,"column":28},"end":{"line":120,"column":262}},"71":{"start":{"line":121,"column":28},"end":{"line":121,"column":209}},"72":{"start":{"line":122,"column":28},"end":{"line":122,"column":108}},"73":{"start":{"line":123,"column":28},"end":{"line":123,"column":92}},"74":{"start":{"line":124,"column":28},"end":{"line":124,"column":116}},"75":{"start":{"line":125,"column":28},"end":{"line":125,"column":96}},"76":{"start":{"line":126,"column":28},"end":{"line":126,"column":106}},"77":{"start":{"line":127,"column":28},"end":{"line":127,"column":96}},"78":{"start":{"line":128,"column":28},"end":{"line":128,"column":96}},"79":{"start":{"line":129,"column":28},"end":{"line":129,"column":78}},"80":{"start":{"line":130,"column":28},"end":{"line":130,"column":100}},"81":{"start":{"line":131,"column":28},"end":{"line":131,"column":102}},"82":{"start":{"line":132,"column":28},"end":{"line":132,"column":90}},"83":{"start":{"line":133,"column":28},"end":{"line":133,"column":100}},"84":{"start":{"line":134,"column":28},"end":{"line":134,"column":94}},"85":{"start":{"line":135,"column":28},"end":{"line":135,"column":96}},"86":{"start":{"line":136,"column":28},"end":{"line":136,"column":100}},"87":{"start":{"line":137,"column":28},"end":{"line":137,"column":90}},"88":{"start":{"line":138,"column":28},"end":{"line":138,"column":244}},"89":{"start":{"line":139,"column":28},"end":{"line":139,"column":288}},"90":{"start":{"line":140,"column":28},"end":{"line":140,"column":66}},"91":{"start":{"line":143,"column":28},"end":{"line":143,"column":65}},"92":{"start":{"line":145,"column":24},"end":{"line":157,"column":25}},"93":{"start":{"line":146,"column":28},"end":{"line":146,"column":92}},"94":{"start":{"line":147,"column":28},"end":{"line":147,"column":95}},"95":{"start":{"line":148,"column":28},"end":{"line":148,"column":97}},"96":{"start":{"line":149,"column":28},"end":{"line":149,"column":99}},"97":{"start":{"line":150,"column":28},"end":{"line":150,"column":73}},"98":{"start":{"line":151,"column":28},"end":{"line":151,"column":77}},"99":{"start":{"line":152,"column":28},"end":{"line":152,"column":95}},"100":{"start":{"line":153,"column":28},"end":{"line":153,"column":63}},"101":{"start":{"line":156,"column":28},"end":{"line":156,"column":62}},"102":{"start":{"line":160,"column":24},"end":{"line":160,"column":46}},"103":{"start":{"line":164,"column":20},"end":{"line":164,"column":87}},"104":{"start":{"line":165,"column":20},"end":{"line":165,"column":66}},"105":{"start":{"line":173,"column":20},"end":{"line":173,"column":111}},"106":{"start":{"line":174,"column":20},"end":{"line":174,"column":78}},"107":{"start":{"line":175,"column":20},"end":{"line":175,"column":66}},"108":{"start":{"line":183,"column":12},"end":{"line":183,"column":60}},"109":{"start":{"line":184,"column":12},"end":{"line":204,"column":19}},"110":{"start":{"line":185,"column":34},"end":{"line":185,"column":49}},"111":{"start":{"line":189,"column":20},"end":{"line":189,"column":87}},"112":{"start":{"line":190,"column":20},"end":{"line":190,"column":66}},"113":{"start":{"line":194,"column":20},"end":{"line":194,"column":64}},"114":{"start":{"line":198,"column":20},"end":{"line":198,"column":109}},"115":{"start":{"line":199,"column":20},"end":{"line":199,"column":73}},"116":{"start":{"line":200,"column":20},"end":{"line":200,"column":66}},"117":{"start":{"line":207,"column":24},"end":{"line":207,"column":40}},"118":{"start":{"line":208,"column":27},"end":{"line":208,"column":47}},"119":{"start":{"line":210,"column":12},"end":{"line":210,"column":60}},"120":{"start":{"line":211,"column":28},"end":{"line":211,"column":39}},"121":{"start":{"line":213,"column":12},"end":{"line":217,"column":15}},"122":{"start":{"line":214,"column":16},"end":{"line":216,"column":17}},"123":{"start":{"line":215,"column":20},"end":{"line":215,"column":38}},"124":{"start":{"line":219,"column":12},"end":{"line":335,"column":13}},"125":{"start":{"line":220,"column":31},"end":{"line":220,"column":43}},"126":{"start":{"line":221,"column":16},"end":{"line":221,"column":38}},"127":{"start":{"line":222,"column":16},"end":{"line":222,"column":76}},"128":{"start":{"line":225,"column":16},"end":{"line":227,"column":17}},"129":{"start":{"line":226,"column":20},"end":{"line":226,"column":56}},"130":{"start":{"line":228,"column":34},"end":{"line":228,"column":43}},"131":{"start":{"line":229,"column":16},"end":{"line":229,"column":64}},"132":{"start":{"line":230,"column":16},"end":{"line":230,"column":64}},"133":{"start":{"line":231,"column":16},"end":{"line":231,"column":64}},"134":{"start":{"line":232,"column":16},"end":{"line":232,"column":60}},"135":{"start":{"line":233,"column":16},"end":{"line":233,"column":62}},"136":{"start":{"line":234,"column":16},"end":{"line":234,"column":62}},"137":{"start":{"line":235,"column":16},"end":{"line":235,"column":44}},"138":{"start":{"line":236,"column":30},"end":{"line":236,"column":39}},"139":{"start":{"line":237,"column":16},"end":{"line":237,"column":42}},"140":{"start":{"line":238,"column":37},"end":{"line":238,"column":46}},"141":{"start":{"line":239,"column":16},"end":{"line":239,"column":70}},"142":{"start":{"line":240,"column":16},"end":{"line":240,"column":70}},"143":{"start":{"line":241,"column":16},"end":{"line":241,"column":70}},"144":{"start":{"line":242,"column":16},"end":{"line":242,"column":66}},"145":{"start":{"line":243,"column":16},"end":{"line":243,"column":68}},"146":{"start":{"line":244,"column":16},"end":{"line":244,"column":68}},"147":{"start":{"line":245,"column":16},"end":{"line":245,"column":47}},"148":{"start":{"line":246,"column":16},"end":{"line":246,"column":45}},"149":{"start":{"line":248,"column":35},"end":{"line":248,"column":44}},"150":{"start":{"line":249,"column":32},"end":{"line":249,"column":41}},"151":{"start":{"line":250,"column":16},"end":{"line":250,"column":174}},"152":{"start":{"line":251,"column":16},"end":{"line":251,"column":40}},"153":{"start":{"line":252,"column":16},"end":{"line":252,"column":45}},"154":{"start":{"line":254,"column":32},"end":{"line":254,"column":41}},"155":{"start":{"line":255,"column":16},"end":{"line":255,"column":174}},"156":{"start":{"line":256,"column":16},"end":{"line":256,"column":40}},"157":{"start":{"line":257,"column":16},"end":{"line":257,"column":45}},"158":{"start":{"line":259,"column":33},"end":{"line":259,"column":42}},"159":{"start":{"line":260,"column":16},"end":{"line":260,"column":177}},"160":{"start":{"line":261,"column":16},"end":{"line":261,"column":41}},"161":{"start":{"line":262,"column":16},"end":{"line":262,"column":46}},"162":{"start":{"line":264,"column":35},"end":{"line":264,"column":45}},"163":{"start":{"line":265,"column":16},"end":{"line":265,"column":70}},"164":{"start":{"line":266,"column":16},"end":{"line":266,"column":67}},"165":{"start":{"line":267,"column":16},"end":{"line":267,"column":72}},"166":{"start":{"line":268,"column":16},"end":{"line":268,"column":74}},"167":{"start":{"line":269,"column":16},"end":{"line":269,"column":48}},"168":{"start":{"line":270,"column":16},"end":{"line":270,"column":52}},"169":{"start":{"line":271,"column":16},"end":{"line":271,"column":70}},"170":{"start":{"line":272,"column":16},"end":{"line":272,"column":74}},"171":{"start":{"line":274,"column":38},"end":{"line":274,"column":47}},"172":{"start":{"line":275,"column":16},"end":{"line":275,"column":83}},"173":{"start":{"line":276,"column":16},"end":{"line":276,"column":60}},"174":{"start":{"line":277,"column":16},"end":{"line":277,"column":83}},"175":{"start":{"line":278,"column":16},"end":{"line":278,"column":67}},"176":{"start":{"line":279,"column":16},"end":{"line":279,"column":91}},"177":{"start":{"line":280,"column":16},"end":{"line":280,"column":71}},"178":{"start":{"line":281,"column":16},"end":{"line":281,"column":81}},"179":{"start":{"line":282,"column":16},"end":{"line":282,"column":71}},"180":{"start":{"line":283,"column":16},"end":{"line":283,"column":71}},"181":{"start":{"line":284,"column":16},"end":{"line":284,"column":53}},"182":{"start":{"line":285,"column":16},"end":{"line":285,"column":75}},"183":{"start":{"line":286,"column":16},"end":{"line":286,"column":77}},"184":{"start":{"line":287,"column":16},"end":{"line":287,"column":65}},"185":{"start":{"line":288,"column":16},"end":{"line":288,"column":75}},"186":{"start":{"line":289,"column":16},"end":{"line":289,"column":69}},"187":{"start":{"line":290,"column":16},"end":{"line":290,"column":71}},"188":{"start":{"line":291,"column":16},"end":{"line":291,"column":75}},"189":{"start":{"line":292,"column":16},"end":{"line":292,"column":61}},"190":{"start":{"line":293,"column":16},"end":{"line":293,"column":83}},"191":{"start":{"line":294,"column":16},"end":{"line":294,"column":65}},"192":{"start":{"line":295,"column":16},"end":{"line":295,"column":69}},"193":{"start":{"line":297,"column":35},"end":{"line":302,"column":17}},"194":{"start":{"line":305,"column":16},"end":{"line":330,"column":22}},"195":{"start":{"line":315,"column":24},"end":{"line":315,"column":70}},"196":{"start":{"line":316,"column":24},"end":{"line":322,"column":25}},"197":{"start":{"line":317,"column":29},"end":{"line":317,"column":131}},"198":{"start":{"line":319,"column":42},"end":{"line":319,"column":79}},"199":{"start":{"line":320,"column":28},"end":{"line":320,"column":54}},"200":{"start":{"line":321,"column":28},"end":{"line":321,"column":40}},"201":{"start":{"line":327,"column":24},"end":{"line":327,"column":118}},"202":{"start":{"line":328,"column":24},"end":{"line":328,"column":70}},"203":{"start":{"line":333,"column":16},"end":{"line":333,"column":110}},"204":{"start":{"line":334,"column":16},"end":{"line":334,"column":62}},"205":{"start":{"line":336,"column":12},"end":{"line":336,"column":18}},"206":{"start":{"line":339,"column":12},"end":{"line":339,"column":25}},"207":{"start":{"line":340,"column":12},"end":{"line":340,"column":18}},"208":{"start":{"line":345,"column":28},"end":{"line":353,"column":1}},"209":{"start":{"line":345,"column":37},"end":{"line":353,"column":1}},"210":{"start":{"line":345,"column":45},"end":{"line":353,"column":1}},"211":{"start":{"line":346,"column":4},"end":{"line":352,"column":5}},"212":{"start":{"line":348,"column":8},"end":{"line":348,"column":21}},"213":{"start":{"line":351,"column":8},"end":{"line":351,"column":36}}},"fnMap":{"0":{"name":"(anonymous_0)","decl":{"start":{"line":24,"column":34},"end":{"line":24,"column":34}},"loc":{"start":{"line":24,"column":44},"end":{"line":342,"column":1}}},"1":{"name":"(anonymous_1)","decl":{"start":{"line":24,"column":49},"end":{"line":24,"column":49}},"loc":{"start":{"line":24,"column":58},"end":{"line":342,"column":1}}},"2":{"name":"(anonymous_2)","decl":{"start":{"line":24,"column":63},"end":{"line":24,"column":63}},"loc":{"start":{"line":24,"column":74},"end":{"line":342,"column":1}}},"3":{"name":"(anonymous_3)","decl":{"start":{"line":32,"column":22},"end":{"line":32,"column":22}},"loc":{"start":{"line":32,"column":35},"end":{"line":32,"column":55}}},"4":{"name":"(anonymous_4)","decl":{"start":{"line":33,"column":22},"end":{"line":33,"column":21}},"loc":{"start":{"line":33,"column":26},"end":{"line":167,"column":17}}},"5":{"name":"(anonymous_5)","decl":{"start":{"line":51,"column":62},"end":{"line":51,"column":71}},"loc":{"start":{"line":51,"column":83},"end":{"line":71,"column":29}}},"6":{"name":"(anonymous_6)","decl":{"start":{"line":77,"column":65},"end":{"line":77,"column":74}},"loc":{"start":{"line":77,"column":84},"end":{"line":89,"column":29}}},"7":{"name":"(anonymous_7)","decl":{"start":{"line":168,"column":23},"end":{"line":168,"column":22}},"loc":{"start":{"line":168,"column":28},"end":{"line":179,"column":17}}},"8":{"name":"(anonymous_8)","decl":{"start":{"line":185,"column":22},"end":{"line":185,"column":21}},"loc":{"start":{"line":185,"column":30},"end":{"line":185,"column":49}}},"9":{"name":"(anonymous_9)","decl":{"start":{"line":186,"column":22},"end":{"line":186,"column":21}},"loc":{"start":{"line":186,"column":26},"end":{"line":192,"column":17}}},"10":{"name":"(anonymous_10)","decl":{"start":{"line":193,"column":23},"end":{"line":193,"column":22}},"loc":{"start":{"line":193,"column":28},"end":{"line":204,"column":17}}},"11":{"name":"(anonymous_11)","decl":{"start":{"line":213,"column":33},"end":{"line":213,"column":42}},"loc":{"start":{"line":213,"column":55},"end":{"line":217,"column":13}}},"12":{"name":"(anonymous_12)","decl":{"start":{"line":313,"column":26},"end":{"line":313,"column":26}},"loc":{"start":{"line":313,"column":39},"end":{"line":323,"column":21}}},"13":{"name":"(anonymous_13)","decl":{"start":{"line":324,"column":27},"end":{"line":324,"column":26}},"loc":{"start":{"line":324,"column":32},"end":{"line":330,"column":21}}},"14":{"name":"(anonymous_14)","decl":{"start":{"line":345,"column":28},"end":{"line":345,"column":27}},"loc":{"start":{"line":345,"column":33},"end":{"line":353,"column":1}}},"15":{"name":"(anonymous_15)","decl":{"start":{"line":345,"column":37},"end":{"line":345,"column":36}},"loc":{"start":{"line":345,"column":41},"end":{"line":353,"column":1}}},"16":{"name":"(anonymous_16)","decl":{"start":{"line":345,"column":45},"end":{"line":345,"column":44}},"loc":{"start":{"line":345,"column":51},"end":{"line":353,"column":1}}}},"branchMap":{"0":{"loc":{"start":{"line":26,"column":8},"end":{"line":179,"column":19}},"type":"switch","locations":[{"start":{"line":26,"column":8},"end":{"line":179,"column":19}},{"start":{"line":181,"column":8},"end":{"line":204,"column":19}},{"start":{"line":206,"column":8},"end":{"line":336,"column":18}},{"start":{"line":337,"column":8},"end":{"line":340,"column":18}}]},"1":{"loc":{"start":{"line":36,"column":20},"end":{"line":161,"column":21}},"type":"if","locations":[{"start":{"line":36,"column":20},"end":{"line":161,"column":21}},{"start":{"line":36,"column":20},"end":{"line":161,"column":21}}]},"2":{"loc":{"start":{"line":36,"column":24},"end":{"line":36,"column":42}},"type":"binary-expr","locations":[{"start":{"line":36,"column":24},"end":{"line":36,"column":42}},{"start":{"line":36,"column":46},"end":{"line":36,"column":59}}]},"3":{"loc":{"start":{"line":42,"column":24},"end":{"line":47,"column":25}},"type":"if","locations":[{"start":{"line":42,"column":24},"end":{"line":47,"column":25}},{"start":{"line":42,"column":24},"end":{"line":47,"column":25}}]},"4":{"loc":{"start":{"line":50,"column":24},"end":{"line":72,"column":25}},"type":"if","locations":[{"start":{"line":50,"column":24},"end":{"line":72,"column":25}},{"start":{"line":50,"column":24},"end":{"line":72,"column":25}}]},"5":{"loc":{"start":{"line":50,"column":28},"end":{"line":50,"column":56}},"type":"binary-expr","locations":[{"start":{"line":50,"column":28},"end":{"line":50,"column":56}},{"start":{"line":50,"column":60},"end":{"line":50,"column":83}}]},"6":{"loc":{"start":{"line":53,"column":32},"end":{"line":70,"column":33}},"type":"if","locations":[{"start":{"line":53,"column":32},"end":{"line":70,"column":33}},{"start":{"line":53,"column":32},"end":{"line":70,"column":33}}]},"7":{"loc":{"start":{"line":62,"column":37},"end":{"line":70,"column":33}},"type":"if","locations":[{"start":{"line":62,"column":37},"end":{"line":70,"column":33}},{"start":{"line":62,"column":37},"end":{"line":70,"column":33}}]},"8":{"loc":{"start":{"line":76,"column":24},"end":{"line":90,"column":25}},"type":"if","locations":[{"start":{"line":76,"column":24},"end":{"line":90,"column":25}},{"start":{"line":76,"column":24},"end":{"line":90,"column":25}}]},"9":{"loc":{"start":{"line":76,"column":28},"end":{"line":76,"column":54}},"type":"binary-expr","locations":[{"start":{"line":76,"column":28},"end":{"line":76,"column":54}},{"start":{"line":76,"column":58},"end":{"line":76,"column":89}}]},"10":{"loc":{"start":{"line":79,"column":32},"end":{"line":87,"column":33}},"type":"if","locations":[{"start":{"line":79,"column":32},"end":{"line":87,"column":33}},{"start":{"line":79,"column":32},"end":{"line":87,"column":33}}]},"11":{"loc":{"start":{"line":82,"column":37},"end":{"line":87,"column":33}},"type":"if","locations":[{"start":{"line":82,"column":37},"end":{"line":87,"column":33}},{"start":{"line":82,"column":37},"end":{"line":87,"column":33}}]},"12":{"loc":{"start":{"line":85,"column":37},"end":{"line":87,"column":33}},"type":"if","locations":[{"start":{"line":85,"column":37},"end":{"line":87,"column":33}},{"start":{"line":85,"column":37},"end":{"line":87,"column":33}}]},"13":{"loc":{"start":{"line":93,"column":24},"end":{"line":95,"column":25}},"type":"if","locations":[{"start":{"line":93,"column":24},"end":{"line":95,"column":25}},{"start":{"line":93,"column":24},"end":{"line":95,"column":25}}]},"14":{"loc":{"start":{"line":93,"column":28},"end":{"line":93,"column":54}},"type":"binary-expr","locations":[{"start":{"line":93,"column":28},"end":{"line":93,"column":54}},{"start":{"line":93,"column":58},"end":{"line":93,"column":89}},{"start":{"line":93,"column":93},"end":{"line":93,"column":152}}]},"15":{"loc":{"start":{"line":97,"column":79},"end":{"line":97,"column":97}},"type":"cond-expr","locations":[{"start":{"line":97,"column":79},"end":{"line":97,"column":97}},{"start":{"line":97,"column":100},"end":{"line":97,"column":102}}]},"16":{"loc":{"start":{"line":98,"column":109},"end":{"line":98,"column":174}},"type":"cond-expr","locations":[{"start":{"line":98,"column":109},"end":{"line":98,"column":174}},{"start":{"line":98,"column":177},"end":{"line":98,"column":179}}]},"17":{"loc":{"start":{"line":98,"column":47},"end":{"line":98,"column":72}},"type":"binary-expr","locations":[{"start":{"line":98,"column":47},"end":{"line":98,"column":72}},{"start":{"line":98,"column":76},"end":{"line":98,"column":106}}]},"18":{"loc":{"start":{"line":99,"column":94},"end":{"line":99,"column":116}},"type":"cond-expr","locations":[{"start":{"line":99,"column":94},"end":{"line":99,"column":116}},{"start":{"line":99,"column":119},"end":{"line":99,"column":121}}]},"19":{"loc":{"start":{"line":99,"column":42},"end":{"line":99,"column":62}},"type":"binary-expr","locations":[{"start":{"line":99,"column":42},"end":{"line":99,"column":62}},{"start":{"line":99,"column":66},"end":{"line":99,"column":91}}]},"20":{"loc":{"start":{"line":100,"column":111},"end":{"line":100,"column":140}},"type":"cond-expr","locations":[{"start":{"line":100,"column":111},"end":{"line":100,"column":140}},{"start":{"line":100,"column":143},"end":{"line":100,"column":145}}]},"21":{"loc":{"start":{"line":100,"column":45},"end":{"line":100,"column":72}},"type":"binary-expr","locations":[{"start":{"line":100,"column":45},"end":{"line":100,"column":72}},{"start":{"line":100,"column":76},"end":{"line":100,"column":108}}]},"22":{"loc":{"start":{"line":101,"column":115},"end":{"line":101,"column":144}},"type":"cond-expr","locations":[{"start":{"line":101,"column":115},"end":{"line":101,"column":144}},{"start":{"line":101,"column":147},"end":{"line":101,"column":149}}]},"23":{"loc":{"start":{"line":101,"column":49},"end":{"line":101,"column":76}},"type":"binary-expr","locations":[{"start":{"line":101,"column":49},"end":{"line":101,"column":76}},{"start":{"line":101,"column":80},"end":{"line":101,"column":112}}]},"24":{"loc":{"start":{"line":119,"column":24},"end":{"line":144,"column":25}},"type":"if","locations":[{"start":{"line":119,"column":24},"end":{"line":144,"column":25}},{"start":{"line":119,"column":24},"end":{"line":144,"column":25}}]},"25":{"loc":{"start":{"line":119,"column":28},"end":{"line":119,"column":65}},"type":"binary-expr","locations":[{"start":{"line":119,"column":28},"end":{"line":119,"column":65}},{"start":{"line":119,"column":69},"end":{"line":119,"column":111}}]},"26":{"loc":{"start":{"line":120,"column":191},"end":{"line":120,"column":256}},"type":"cond-expr","locations":[{"start":{"line":120,"column":191},"end":{"line":120,"column":256}},{"start":{"line":120,"column":259},"end":{"line":120,"column":261}}]},"27":{"loc":{"start":{"line":120,"column":53},"end":{"line":120,"column":121}},"type":"binary-expr","locations":[{"start":{"line":120,"column":53},"end":{"line":120,"column":121}},{"start":{"line":120,"column":125},"end":{"line":120,"column":188}}]},"28":{"loc":{"start":{"line":121,"column":153},"end":{"line":121,"column":203}},"type":"cond-expr","locations":[{"start":{"line":121,"column":153},"end":{"line":121,"column":203}},{"start":{"line":121,"column":206},"end":{"line":121,"column":208}}]},"29":{"loc":{"start":{"line":121,"column":45},"end":{"line":121,"column":98}},"type":"binary-expr","locations":[{"start":{"line":121,"column":45},"end":{"line":121,"column":98}},{"start":{"line":121,"column":102},"end":{"line":121,"column":150}}]},"30":{"loc":{"start":{"line":138,"column":152},"end":{"line":138,"column":238}},"type":"cond-expr","locations":[{"start":{"line":138,"column":152},"end":{"line":138,"column":238}},{"start":{"line":138,"column":241},"end":{"line":138,"column":243}}]},"31":{"loc":{"start":{"line":138,"column":48},"end":{"line":138,"column":94}},"type":"binary-expr","locations":[{"start":{"line":138,"column":48},"end":{"line":138,"column":94}},{"start":{"line":138,"column":98},"end":{"line":138,"column":149}}]},"32":{"loc":{"start":{"line":139,"column":185},"end":{"line":139,"column":282}},"type":"cond-expr","locations":[{"start":{"line":139,"column":185},"end":{"line":139,"column":282}},{"start":{"line":139,"column":285},"end":{"line":139,"column":287}}]},"33":{"loc":{"start":{"line":139,"column":59},"end":{"line":139,"column":116}},"type":"binary-expr","locations":[{"start":{"line":139,"column":59},"end":{"line":139,"column":116}},{"start":{"line":139,"column":120},"end":{"line":139,"column":182}}]},"34":{"loc":{"start":{"line":145,"column":24},"end":{"line":157,"column":25}},"type":"if","locations":[{"start":{"line":145,"column":24},"end":{"line":157,"column":25}},{"start":{"line":145,"column":24},"end":{"line":157,"column":25}}]},"35":{"loc":{"start":{"line":145,"column":28},"end":{"line":145,"column":67}},"type":"binary-expr","locations":[{"start":{"line":145,"column":28},"end":{"line":145,"column":67}},{"start":{"line":145,"column":71},"end":{"line":145,"column":105}}]},"36":{"loc":{"start":{"line":214,"column":16},"end":{"line":216,"column":17}},"type":"if","locations":[{"start":{"line":214,"column":16},"end":{"line":216,"column":17}},{"start":{"line":214,"column":16},"end":{"line":216,"column":17}}]},"37":{"loc":{"start":{"line":219,"column":12},"end":{"line":335,"column":13}},"type":"if","locations":[{"start":{"line":219,"column":12},"end":{"line":335,"column":13}},{"start":{"line":219,"column":12},"end":{"line":335,"column":13}}]},"38":{"loc":{"start":{"line":225,"column":16},"end":{"line":227,"column":17}},"type":"if","locations":[{"start":{"line":225,"column":16},"end":{"line":227,"column":17}},{"start":{"line":225,"column":16},"end":{"line":227,"column":17}}]},"39":{"loc":{"start":{"line":250,"column":70},"end":{"line":250,"column":168}},"type":"cond-expr","locations":[{"start":{"line":250,"column":70},"end":{"line":250,"column":168}},{"start":{"line":250,"column":171},"end":{"line":250,"column":173}}]},"40":{"loc":{"start":{"line":255,"column":70},"end":{"line":255,"column":168}},"type":"cond-expr","locations":[{"start":{"line":255,"column":70},"end":{"line":255,"column":168}},{"start":{"line":255,"column":171},"end":{"line":255,"column":173}}]},"41":{"loc":{"start":{"line":260,"column":72},"end":{"line":260,"column":171}},"type":"cond-expr","locations":[{"start":{"line":260,"column":72},"end":{"line":260,"column":171}},{"start":{"line":260,"column":174},"end":{"line":260,"column":176}}]},"42":{"loc":{"start":{"line":316,"column":24},"end":{"line":322,"column":25}},"type":"if","locations":[{"start":{"line":316,"column":24},"end":{"line":322,"column":25}},{"start":{"line":316,"column":24},"end":{"line":322,"column":25}}]},"43":{"loc":{"start":{"line":316,"column":28},"end":{"line":316,"column":50}},"type":"binary-expr","locations":[{"start":{"line":316,"column":28},"end":{"line":316,"column":50}},{"start":{"line":316,"column":54},"end":{"line":316,"column":75}}]}},"s":{"0":1,"1":1,"2":1,"3":1,"4":1,"5":4,"6":1,"7":1,"8":0,"9":0,"10":0,"11":0,"12":0,"13":0,"14":0,"15":0,"16":0,"17":0,"18":0,"19":0,"20":0,"21":0,"22":0,"23":0,"24":0,"25":0,"26":0,"27":0,"28":0,"29":0,"30":0,"31":0,"32":0,"33":0,"34":0,"35":0,"36":0,"37":0,"38":0,"39":0,"40":0,"41":0,"42":0,"43":0,"44":0,"45":0,"46":0,"47":0,"48":0,"49":0,"50":0,"51":0,"52":0,"53":0,"54":0,"55":0,"56":0,"57":0,"58":0,"59":0,"60":0,"61":0,"62":0,"63":0,"64":0,"65":0,"66":0,"67":0,"68":0,"69":0,"70":0,"71":0,"72":0,"73":0,"74":0,"75":0,"76":0,"77":0,"78":0,"79":0,"80":0,"81":0,"82":0,"83":0,"84":0,"85":0,"86":0,"87":0,"88":0,"89":0,"90":0,"91":0,"92":0,"93":0,"94":0,"95":0,"96":0,"97":0,"98":0,"99":0,"100":0,"101":0,"102":0,"103":0,"104":0,"105":0,"106":0,"107":0,"108":1,"109":1,"110":0,"111":0,"112":0,"113":0,"114":0,"115":0,"116":0,"117":0,"118":0,"119":0,"120":0,"121":0,"122":0,"123":0,"124":0,"125":0,"126":0,"127":0,"128":0,"129":0,"130":0,"131":0,"132":0,"133":0,"134":0,"135":0,"136":0,"137":0,"138":0,"139":0,"140":0,"141":0,"142":0,"143":0,"144":0,"145":0,"146":0,"147":0,"148":0,"149":0,"150":0,"151":0,"152":0,"153":0,"154":0,"155":0,"156":0,"157":0,"158":0,"159":0,"160":0,"161":0,"162":0,"163":0,"164":0,"165":0,"166":0,"167":0,"168":0,"169":0,"170":0,"171":0,"172":0,"173":0,"174":0,"175":0,"176":0,"177":0,"178":0,"179":0,"180":0,"181":0,"182":0,"183":0,"184":0,"185":0,"186":0,"187":0,"188":0,"189":0,"190":0,"191":0,"192":0,"193":0,"194":0,"195":0,"196":0,"197":0,"198":0,"199":0,"200":0,"201":0,"202":0,"203":0,"204":0,"205":0,"206":2,"207":2,"208":1,"209":1,"210":1,"211":4,"212":4,"213":0},"f":{"0":1,"1":1,"2":4,"3":0,"4":0,"5":0,"6":0,"7":0,"8":0,"9":0,"10":0,"11":0,"12":0,"13":0,"14":1,"15":1,"16":4},"b":{"0":[1,1,0,2],"1":[0,0],"2":[0,0],"3":[0,0],"4":[0,0],"5":[0,0],"6":[0,0],"7":[0,0],"8":[0,0],"9":[0,0],"10":[0,0],"11":[0,0],"12":[0,0],"13":[0,0],"14":[0,0,0],"15":[0,0],"16":[0,0],"17":[0,0],"18":[0,0],"19":[0,0],"20":[0,0],"21":[0,0],"22":[0,0],"23":[0,0],"24":[0,0],"25":[0,0],"26":[0,0],"27":[0,0],"28":[0,0],"29":[0,0],"30":[0,0],"31":[0,0],"32":[0,0],"33":[0,0],"34":[0,0],"35":[0,0],"36":[0,0],"37":[0,0],"38":[0,0],"39":[0,0],"40":[0,0],"41":[0,0],"42":[0,0],"43":[0,0]}}
,"C:\\Users\\sasikumar.nagalingam\\source\\repos\\ReactApp\\ReactApp\\src\\api\\prospect\\prospectApi.ts": {"path":"C:\\Users\\sasikumar.nagalingam\\source\\repos\\ReactApp\\ReactApp\\src\\api\\prospect\\prospectApi.ts","statementMap":{"0":{"start":{"line":21,"column":19},"end":{"line":21,"column":36}},"1":{"start":{"line":22,"column":23},"end":{"line":22,"column":44}},"2":{"start":{"line":24,"column":34},"end":{"line":342,"column":1}},"3":{"start":{"line":24,"column":49},"end":{"line":342,"column":1}},"4":{"start":{"line":24,"column":63},"end":{"line":342,"column":1}},"5":{"start":{"line":25,"column":4},"end":{"line":341,"column":5}},"6":{"start":{"line":28,"column":12},"end":{"line":28,"column":60}},"7":{"start":{"line":29,"column":12},"end":{"line":179,"column":19}},"8":{"start":{"line":32,"column":40},"end":{"line":32,"column":55}},"9":{"start":{"line":35,"column":35},"end":{"line":35,"column":44}},"10":{"start":{"line":36,"column":20},"end":{"line":161,"column":21}},"11":{"start":{"line":37,"column":24},"end":{"line":37,"column":60}},"12":{"start":{"line":38,"column":24},"end":{"line":38,"column":58}},"13":{"start":{"line":39,"column":24},"end":{"line":39,"column":48}},"14":{"start":{"line":40,"column":24},"end":{"line":40,"column":46}},"15":{"start":{"line":41,"column":24},"end":{"line":41,"column":60}},"16":{"start":{"line":42,"column":24},"end":{"line":47,"column":25}},"17":{"start":{"line":43,"column":28},"end":{"line":43,"column":51}},"18":{"start":{"line":46,"column":28},"end":{"line":46,"column":50}},"19":{"start":{"line":50,"column":24},"end":{"line":72,"column":25}},"20":{"start":{"line":51,"column":28},"end":{"line":71,"column":31}},"21":{"start":{"line":53,"column":32},"end":{"line":70,"column":33}},"22":{"start":{"line":54,"column":36},"end":{"line":54,"column":73}},"23":{"start":{"line":55,"column":36},"end":{"line":55,"column":73}},"24":{"start":{"line":56,"column":36},"end":{"line":56,"column":73}},"25":{"start":{"line":57,"column":36},"end":{"line":57,"column":69}},"26":{"start":{"line":58,"column":36},"end":{"line":58,"column":67}},"27":{"start":{"line":60,"column":36},"end":{"line":60,"column":69}},"28":{"start":{"line":62,"column":37},"end":{"line":70,"column":33}},"29":{"start":{"line":63,"column":36},"end":{"line":63,"column":76}},"30":{"start":{"line":64,"column":36},"end":{"line":64,"column":76}},"31":{"start":{"line":65,"column":36},"end":{"line":65,"column":76}},"32":{"start":{"line":66,"column":36},"end":{"line":66,"column":72}},"33":{"start":{"line":67,"column":36},"end":{"line":67,"column":70}},"34":{"start":{"line":69,"column":36},"end":{"line":69,"column":72}},"35":{"start":{"line":76,"column":24},"end":{"line":90,"column":25}},"36":{"start":{"line":77,"column":28},"end":{"line":89,"column":31}},"37":{"start":{"line":79,"column":32},"end":{"line":87,"column":33}},"38":{"start":{"line":80,"column":36},"end":{"line":80,"column":67}},"39":{"start":{"line":82,"column":37},"end":{"line":87,"column":33}},"40":{"start":{"line":83,"column":36},"end":{"line":83,"column":67}},"41":{"start":{"line":85,"column":37},"end":{"line":87,"column":33}},"42":{"start":{"line":86,"column":36},"end":{"line":86,"column":68}},"43":{"start":{"line":92,"column":41},"end":{"line":92,"column":46}},"44":{"start":{"line":93,"column":24},"end":{"line":95,"column":25}},"45":{"start":{"line":94,"column":28},"end":{"line":94,"column":46}},"46":{"start":{"line":96,"column":24},"end":{"line":96,"column":52}},"47":{"start":{"line":97,"column":24},"end":{"line":97,"column":103}},"48":{"start":{"line":98,"column":24},"end":{"line":98,"column":180}},"49":{"start":{"line":99,"column":24},"end":{"line":99,"column":122}},"50":{"start":{"line":100,"column":24},"end":{"line":100,"column":146}},"51":{"start":{"line":101,"column":24},"end":{"line":101,"column":150}},"52":{"start":{"line":102,"column":24},"end":{"line":102,"column":71}},"53":{"start":{"line":103,"column":24},"end":{"line":103,"column":71}},"54":{"start":{"line":104,"column":24},"end":{"line":104,"column":71}},"55":{"start":{"line":105,"column":24},"end":{"line":105,"column":67}},"56":{"start":{"line":106,"column":24},"end":{"line":106,"column":69}},"57":{"start":{"line":107,"column":24},"end":{"line":107,"column":73}},"58":{"start":{"line":108,"column":24},"end":{"line":108,"column":77}},"59":{"start":{"line":109,"column":24},"end":{"line":109,"column":77}},"60":{"start":{"line":110,"column":24},"end":{"line":110,"column":77}},"61":{"start":{"line":111,"column":24},"end":{"line":111,"column":73}},"62":{"start":{"line":112,"column":24},"end":{"line":112,"column":75}},"63":{"start":{"line":113,"column":24},"end":{"line":113,"column":79}},"64":{"start":{"line":114,"column":24},"end":{"line":114,"column":61}},"65":{"start":{"line":115,"column":24},"end":{"line":115,"column":61}},"66":{"start":{"line":116,"column":24},"end":{"line":116,"column":63}},"67":{"start":{"line":117,"column":24},"end":{"line":117,"column":55}},"68":{"start":{"line":118,"column":24},"end":{"line":118,"column":59}},"69":{"start":{"line":119,"column":24},"end":{"line":144,"column":25}},"70":{"start":{"line":120,"column":28},"end":{"line":120,"column":262}},"71":{"start":{"line":121,"column":28},"end":{"line":121,"column":209}},"72":{"start":{"line":122,"column":28},"end":{"line":122,"column":108}},"73":{"start":{"line":123,"column":28},"end":{"line":123,"column":92}},"74":{"start":{"line":124,"column":28},"end":{"line":124,"column":116}},"75":{"start":{"line":125,"column":28},"end":{"line":125,"column":96}},"76":{"start":{"line":126,"column":28},"end":{"line":126,"column":106}},"77":{"start":{"line":127,"column":28},"end":{"line":127,"column":96}},"78":{"start":{"line":128,"column":28},"end":{"line":128,"column":96}},"79":{"start":{"line":129,"column":28},"end":{"line":129,"column":78}},"80":{"start":{"line":130,"column":28},"end":{"line":130,"column":100}},"81":{"start":{"line":131,"column":28},"end":{"line":131,"column":102}},"82":{"start":{"line":132,"column":28},"end":{"line":132,"column":90}},"83":{"start":{"line":133,"column":28},"end":{"line":133,"column":100}},"84":{"start":{"line":134,"column":28},"end":{"line":134,"column":94}},"85":{"start":{"line":135,"column":28},"end":{"line":135,"column":96}},"86":{"start":{"line":136,"column":28},"end":{"line":136,"column":100}},"87":{"start":{"line":137,"column":28},"end":{"line":137,"column":90}},"88":{"start":{"line":138,"column":28},"end":{"line":138,"column":244}},"89":{"start":{"line":139,"column":28},"end":{"line":139,"column":288}},"90":{"start":{"line":140,"column":28},"end":{"line":140,"column":66}},"91":{"start":{"line":143,"column":28},"end":{"line":143,"column":65}},"92":{"start":{"line":145,"column":24},"end":{"line":157,"column":25}},"93":{"start":{"line":146,"column":28},"end":{"line":146,"column":92}},"94":{"start":{"line":147,"column":28},"end":{"line":147,"column":95}},"95":{"start":{"line":148,"column":28},"end":{"line":148,"column":97}},"96":{"start":{"line":149,"column":28},"end":{"line":149,"column":99}},"97":{"start":{"line":150,"column":28},"end":{"line":150,"column":73}},"98":{"start":{"line":151,"column":28},"end":{"line":151,"column":77}},"99":{"start":{"line":152,"column":28},"end":{"line":152,"column":95}},"100":{"start":{"line":153,"column":28},"end":{"line":153,"column":63}},"101":{"start":{"line":156,"column":28},"end":{"line":156,"column":62}},"102":{"start":{"line":160,"column":24},"end":{"line":160,"column":46}},"103":{"start":{"line":164,"column":20},"end":{"line":164,"column":87}},"104":{"start":{"line":165,"column":20},"end":{"line":165,"column":66}},"105":{"start":{"line":173,"column":20},"end":{"line":173,"column":111}},"106":{"start":{"line":174,"column":20},"end":{"line":174,"column":78}},"107":{"start":{"line":175,"column":20},"end":{"line":175,"column":66}},"108":{"start":{"line":183,"column":12},"end":{"line":183,"column":60}},"109":{"start":{"line":184,"column":12},"end":{"line":204,"column":19}},"110":{"start":{"line":185,"column":34},"end":{"line":185,"column":49}},"111":{"start":{"line":189,"column":20},"end":{"line":189,"column":87}},"112":{"start":{"line":190,"column":20},"end":{"line":190,"column":66}},"113":{"start":{"line":194,"column":20},"end":{"line":194,"column":64}},"114":{"start":{"line":198,"column":20},"end":{"line":198,"column":109}},"115":{"start":{"line":199,"column":20},"end":{"line":199,"column":73}},"116":{"start":{"line":200,"column":20},"end":{"line":200,"column":66}},"117":{"start":{"line":207,"column":24},"end":{"line":207,"column":40}},"118":{"start":{"line":208,"column":27},"end":{"line":208,"column":47}},"119":{"start":{"line":210,"column":12},"end":{"line":210,"column":60}},"120":{"start":{"line":211,"column":28},"end":{"line":211,"column":39}},"121":{"start":{"line":213,"column":12},"end":{"line":217,"column":15}},"122":{"start":{"line":214,"column":16},"end":{"line":216,"column":17}},"123":{"start":{"line":215,"column":20},"end":{"line":215,"column":38}},"124":{"start":{"line":219,"column":12},"end":{"line":335,"column":13}},"125":{"start":{"line":220,"column":31},"end":{"line":220,"column":43}},"126":{"start":{"line":221,"column":16},"end":{"line":221,"column":38}},"127":{"start":{"line":222,"column":16},"end":{"line":222,"column":76}},"128":{"start":{"line":225,"column":16},"end":{"line":227,"column":17}},"129":{"start":{"line":226,"column":20},"end":{"line":226,"column":56}},"130":{"start":{"line":228,"column":34},"end":{"line":228,"column":43}},"131":{"start":{"line":229,"column":16},"end":{"line":229,"column":64}},"132":{"start":{"line":230,"column":16},"end":{"line":230,"column":64}},"133":{"start":{"line":231,"column":16},"end":{"line":231,"column":64}},"134":{"start":{"line":232,"column":16},"end":{"line":232,"column":60}},"135":{"start":{"line":233,"column":16},"end":{"line":233,"column":62}},"136":{"start":{"line":234,"column":16},"end":{"line":234,"column":62}},"137":{"start":{"line":235,"column":16},"end":{"line":235,"column":44}},"138":{"start":{"line":236,"column":30},"end":{"line":236,"column":39}},"139":{"start":{"line":237,"column":16},"end":{"line":237,"column":42}},"140":{"start":{"line":238,"column":37},"end":{"line":238,"column":46}},"141":{"start":{"line":239,"column":16},"end":{"line":239,"column":70}},"142":{"start":{"line":240,"column":16},"end":{"line":240,"column":70}},"143":{"start":{"line":241,"column":16},"end":{"line":241,"column":70}},"144":{"start":{"line":242,"column":16},"end":{"line":242,"column":66}},"145":{"start":{"line":243,"column":16},"end":{"line":243,"column":68}},"146":{"start":{"line":244,"column":16},"end":{"line":244,"column":68}},"147":{"start":{"line":245,"column":16},"end":{"line":245,"column":47}},"148":{"start":{"line":246,"column":16},"end":{"line":246,"column":45}},"149":{"start":{"line":248,"column":35},"end":{"line":248,"column":44}},"150":{"start":{"line":249,"column":32},"end":{"line":249,"column":41}},"151":{"start":{"line":250,"column":16},"end":{"line":250,"column":174}},"152":{"start":{"line":251,"column":16},"end":{"line":251,"column":40}},"153":{"start":{"line":252,"column":16},"end":{"line":252,"column":45}},"154":{"start":{"line":254,"column":32},"end":{"line":254,"column":41}},"155":{"start":{"line":255,"column":16},"end":{"line":255,"column":174}},"156":{"start":{"line":256,"column":16},"end":{"line":256,"column":40}},"157":{"start":{"line":257,"column":16},"end":{"line":257,"column":45}},"158":{"start":{"line":259,"column":33},"end":{"line":259,"column":42}},"159":{"start":{"line":260,"column":16},"end":{"line":260,"column":177}},"160":{"start":{"line":261,"column":16},"end":{"line":261,"column":41}},"161":{"start":{"line":262,"column":16},"end":{"line":262,"column":46}},"162":{"start":{"line":264,"column":35},"end":{"line":264,"column":45}},"163":{"start":{"line":265,"column":16},"end":{"line":265,"column":70}},"164":{"start":{"line":266,"column":16},"end":{"line":266,"column":67}},"165":{"start":{"line":267,"column":16},"end":{"line":267,"column":72}},"166":{"start":{"line":268,"column":16},"end":{"line":268,"column":74}},"167":{"start":{"line":269,"column":16},"end":{"line":269,"column":48}},"168":{"start":{"line":270,"column":16},"end":{"line":270,"column":52}},"169":{"start":{"line":271,"column":16},"end":{"line":271,"column":70}},"170":{"start":{"line":272,"column":16},"end":{"line":272,"column":74}},"171":{"start":{"line":274,"column":38},"end":{"line":274,"column":47}},"172":{"start":{"line":275,"column":16},"end":{"line":275,"column":83}},"173":{"start":{"line":276,"column":16},"end":{"line":276,"column":60}},"174":{"start":{"line":277,"column":16},"end":{"line":277,"column":83}},"175":{"start":{"line":278,"column":16},"end":{"line":278,"column":67}},"176":{"start":{"line":279,"column":16},"end":{"line":279,"column":91}},"177":{"start":{"line":280,"column":16},"end":{"line":280,"column":71}},"178":{"start":{"line":281,"column":16},"end":{"line":281,"column":81}},"179":{"start":{"line":282,"column":16},"end":{"line":282,"column":71}},"180":{"start":{"line":283,"column":16},"end":{"line":283,"column":71}},"181":{"start":{"line":284,"column":16},"end":{"line":284,"column":53}},"182":{"start":{"line":285,"column":16},"end":{"line":285,"column":75}},"183":{"start":{"line":286,"column":16},"end":{"line":286,"column":77}},"184":{"start":{"line":287,"column":16},"end":{"line":287,"column":65}},"185":{"start":{"line":288,"column":16},"end":{"line":288,"column":75}},"186":{"start":{"line":289,"column":16},"end":{"line":289,"column":69}},"187":{"start":{"line":290,"column":16},"end":{"line":290,"column":71}},"188":{"start":{"line":291,"column":16},"end":{"line":291,"column":75}},"189":{"start":{"line":292,"column":16},"end":{"line":292,"column":61}},"190":{"start":{"line":293,"column":16},"end":{"line":293,"column":83}},"191":{"start":{"line":294,"column":16},"end":{"line":294,"column":65}},"192":{"start":{"line":295,"column":16},"end":{"line":295,"column":69}},"193":{"start":{"line":297,"column":35},"end":{"line":302,"column":17}},"194":{"start":{"line":305,"column":16},"end":{"line":330,"column":22}},"195":{"start":{"line":315,"column":24},"end":{"line":315,"column":70}},"196":{"start":{"line":316,"column":24},"end":{"line":322,"column":25}},"197":{"start":{"line":317,"column":29},"end":{"line":317,"column":131}},"198":{"start":{"line":319,"column":42},"end":{"line":319,"column":79}},"199":{"start":{"line":320,"column":28},"end":{"line":320,"column":54}},"200":{"start":{"line":321,"column":28},"end":{"line":321,"column":40}},"201":{"start":{"line":327,"column":24},"end":{"line":327,"column":118}},"202":{"start":{"line":328,"column":24},"end":{"line":328,"column":70}},"203":{"start":{"line":333,"column":16},"end":{"line":333,"column":110}},"204":{"start":{"line":334,"column":16},"end":{"line":334,"column":62}},"205":{"start":{"line":336,"column":12},"end":{"line":336,"column":18}},"206":{"start":{"line":339,"column":12},"end":{"line":339,"column":25}},"207":{"start":{"line":340,"column":12},"end":{"line":340,"column":18}},"208":{"start":{"line":345,"column":28},"end":{"line":353,"column":1}},"209":{"start":{"line":345,"column":37},"end":{"line":353,"column":1}},"210":{"start":{"line":345,"column":45},"end":{"line":353,"column":1}},"211":{"start":{"line":346,"column":4},"end":{"line":352,"column":5}},"212":{"start":{"line":348,"column":8},"end":{"line":348,"column":21}},"213":{"start":{"line":351,"column":8},"end":{"line":351,"column":36}}},"fnMap":{"0":{"name":"(anonymous_0)","decl":{"start":{"line":24,"column":34},"end":{"line":24,"column":34}},"loc":{"start":{"line":24,"column":44},"end":{"line":342,"column":1}}},"1":{"name":"(anonymous_1)","decl":{"start":{"line":24,"column":49},"end":{"line":24,"column":49}},"loc":{"start":{"line":24,"column":58},"end":{"line":342,"column":1}}},"2":{"name":"(anonymous_2)","decl":{"start":{"line":24,"column":63},"end":{"line":24,"column":63}},"loc":{"start":{"line":24,"column":74},"end":{"line":342,"column":1}}},"3":{"name":"(anonymous_3)","decl":{"start":{"line":32,"column":22},"end":{"line":32,"column":22}},"loc":{"start":{"line":32,"column":35},"end":{"line":32,"column":55}}},"4":{"name":"(anonymous_4)","decl":{"start":{"line":33,"column":22},"end":{"line":33,"column":21}},"loc":{"start":{"line":33,"column":26},"end":{"line":167,"column":17}}},"5":{"name":"(anonymous_5)","decl":{"start":{"line":51,"column":62},"end":{"line":51,"column":71}},"loc":{"start":{"line":51,"column":83},"end":{"line":71,"column":29}}},"6":{"name":"(anonymous_6)","decl":{"start":{"line":77,"column":65},"end":{"line":77,"column":74}},"loc":{"start":{"line":77,"column":84},"end":{"line":89,"column":29}}},"7":{"name":"(anonymous_7)","decl":{"start":{"line":168,"column":23},"end":{"line":168,"column":22}},"loc":{"start":{"line":168,"column":28},"end":{"line":179,"column":17}}},"8":{"name":"(anonymous_8)","decl":{"start":{"line":185,"column":22},"end":{"line":185,"column":21}},"loc":{"start":{"line":185,"column":30},"end":{"line":185,"column":49}}},"9":{"name":"(anonymous_9)","decl":{"start":{"line":186,"column":22},"end":{"line":186,"column":21}},"loc":{"start":{"line":186,"column":26},"end":{"line":192,"column":17}}},"10":{"name":"(anonymous_10)","decl":{"start":{"line":193,"column":23},"end":{"line":193,"column":22}},"loc":{"start":{"line":193,"column":28},"end":{"line":204,"column":17}}},"11":{"name":"(anonymous_11)","decl":{"start":{"line":213,"column":33},"end":{"line":213,"column":42}},"loc":{"start":{"line":213,"column":55},"end":{"line":217,"column":13}}},"12":{"name":"(anonymous_12)","decl":{"start":{"line":313,"column":26},"end":{"line":313,"column":26}},"loc":{"start":{"line":313,"column":39},"end":{"line":323,"column":21}}},"13":{"name":"(anonymous_13)","decl":{"start":{"line":324,"column":27},"end":{"line":324,"column":26}},"loc":{"start":{"line":324,"column":32},"end":{"line":330,"column":21}}},"14":{"name":"(anonymous_14)","decl":{"start":{"line":345,"column":28},"end":{"line":345,"column":27}},"loc":{"start":{"line":345,"column":33},"end":{"line":353,"column":1}}},"15":{"name":"(anonymous_15)","decl":{"start":{"line":345,"column":37},"end":{"line":345,"column":36}},"loc":{"start":{"line":345,"column":41},"end":{"line":353,"column":1}}},"16":{"name":"(anonymous_16)","decl":{"start":{"line":345,"column":45},"end":{"line":345,"column":44}},"loc":{"start":{"line":345,"column":51},"end":{"line":353,"column":1}}}},"branchMap":{"0":{"loc":{"start":{"line":26,"column":8},"end":{"line":179,"column":19}},"type":"switch","locations":[{"start":{"line":26,"column":8},"end":{"line":179,"column":19}},{"start":{"line":181,"column":8},"end":{"line":204,"column":19}},{"start":{"line":206,"column":8},"end":{"line":336,"column":18}},{"start":{"line":337,"column":8},"end":{"line":340,"column":18}}]},"1":{"loc":{"start":{"line":36,"column":20},"end":{"line":161,"column":21}},"type":"if","locations":[{"start":{"line":36,"column":20},"end":{"line":161,"column":21}},{"start":{"line":36,"column":20},"end":{"line":161,"column":21}}]},"2":{"loc":{"start":{"line":36,"column":24},"end":{"line":36,"column":42}},"type":"binary-expr","locations":[{"start":{"line":36,"column":24},"end":{"line":36,"column":42}},{"start":{"line":36,"column":46},"end":{"line":36,"column":59}}]},"3":{"loc":{"start":{"line":42,"column":24},"end":{"line":47,"column":25}},"type":"if","locations":[{"start":{"line":42,"column":24},"end":{"line":47,"column":25}},{"start":{"line":42,"column":24},"end":{"line":47,"column":25}}]},"4":{"loc":{"start":{"line":50,"column":24},"end":{"line":72,"column":25}},"type":"if","locations":[{"start":{"line":50,"column":24},"end":{"line":72,"column":25}},{"start":{"line":50,"column":24},"end":{"line":72,"column":25}}]},"5":{"loc":{"start":{"line":50,"column":28},"end":{"line":50,"column":56}},"type":"binary-expr","locations":[{"start":{"line":50,"column":28},"end":{"line":50,"column":56}},{"start":{"line":50,"column":60},"end":{"line":50,"column":83}}]},"6":{"loc":{"start":{"line":53,"column":32},"end":{"line":70,"column":33}},"type":"if","locations":[{"start":{"line":53,"column":32},"end":{"line":70,"column":33}},{"start":{"line":53,"column":32},"end":{"line":70,"column":33}}]},"7":{"loc":{"start":{"line":62,"column":37},"end":{"line":70,"column":33}},"type":"if","locations":[{"start":{"line":62,"column":37},"end":{"line":70,"column":33}},{"start":{"line":62,"column":37},"end":{"line":70,"column":33}}]},"8":{"loc":{"start":{"line":76,"column":24},"end":{"line":90,"column":25}},"type":"if","locations":[{"start":{"line":76,"column":24},"end":{"line":90,"column":25}},{"start":{"line":76,"column":24},"end":{"line":90,"column":25}}]},"9":{"loc":{"start":{"line":76,"column":28},"end":{"line":76,"column":54}},"type":"binary-expr","locations":[{"start":{"line":76,"column":28},"end":{"line":76,"column":54}},{"start":{"line":76,"column":58},"end":{"line":76,"column":89}}]},"10":{"loc":{"start":{"line":79,"column":32},"end":{"line":87,"column":33}},"type":"if","locations":[{"start":{"line":79,"column":32},"end":{"line":87,"column":33}},{"start":{"line":79,"column":32},"end":{"line":87,"column":33}}]},"11":{"loc":{"start":{"line":82,"column":37},"end":{"line":87,"column":33}},"type":"if","locations":[{"start":{"line":82,"column":37},"end":{"line":87,"column":33}},{"start":{"line":82,"column":37},"end":{"line":87,"column":33}}]},"12":{"loc":{"start":{"line":85,"column":37},"end":{"line":87,"column":33}},"type":"if","locations":[{"start":{"line":85,"column":37},"end":{"line":87,"column":33}},{"start":{"line":85,"column":37},"end":{"line":87,"column":33}}]},"13":{"loc":{"start":{"line":93,"column":24},"end":{"line":95,"column":25}},"type":"if","locations":[{"start":{"line":93,"column":24},"end":{"line":95,"column":25}},{"start":{"line":93,"column":24},"end":{"line":95,"column":25}}]},"14":{"loc":{"start":{"line":93,"column":28},"end":{"line":93,"column":54}},"type":"binary-expr","locations":[{"start":{"line":93,"column":28},"end":{"line":93,"column":54}},{"start":{"line":93,"column":58},"end":{"line":93,"column":89}},{"start":{"line":93,"column":93},"end":{"line":93,"column":152}}]},"15":{"loc":{"start":{"line":97,"column":79},"end":{"line":97,"column":97}},"type":"cond-expr","locations":[{"start":{"line":97,"column":79},"end":{"line":97,"column":97}},{"start":{"line":97,"column":100},"end":{"line":97,"column":102}}]},"16":{"loc":{"start":{"line":98,"column":109},"end":{"line":98,"column":174}},"type":"cond-expr","locations":[{"start":{"line":98,"column":109},"end":{"line":98,"column":174}},{"start":{"line":98,"column":177},"end":{"line":98,"column":179}}]},"17":{"loc":{"start":{"line":98,"column":47},"end":{"line":98,"column":72}},"type":"binary-expr","locations":[{"start":{"line":98,"column":47},"end":{"line":98,"column":72}},{"start":{"line":98,"column":76},"end":{"line":98,"column":106}}]},"18":{"loc":{"start":{"line":99,"column":94},"end":{"line":99,"column":116}},"type":"cond-expr","locations":[{"start":{"line":99,"column":94},"end":{"line":99,"column":116}},{"start":{"line":99,"column":119},"end":{"line":99,"column":121}}]},"19":{"loc":{"start":{"line":99,"column":42},"end":{"line":99,"column":62}},"type":"binary-expr","locations":[{"start":{"line":99,"column":42},"end":{"line":99,"column":62}},{"start":{"line":99,"column":66},"end":{"line":99,"column":91}}]},"20":{"loc":{"start":{"line":100,"column":111},"end":{"line":100,"column":140}},"type":"cond-expr","locations":[{"start":{"line":100,"column":111},"end":{"line":100,"column":140}},{"start":{"line":100,"column":143},"end":{"line":100,"column":145}}]},"21":{"loc":{"start":{"line":100,"column":45},"end":{"line":100,"column":72}},"type":"binary-expr","locations":[{"start":{"line":100,"column":45},"end":{"line":100,"column":72}},{"start":{"line":100,"column":76},"end":{"line":100,"column":108}}]},"22":{"loc":{"start":{"line":101,"column":115},"end":{"line":101,"column":144}},"type":"cond-expr","locations":[{"start":{"line":101,"column":115},"end":{"line":101,"column":144}},{"start":{"line":101,"column":147},"end":{"line":101,"column":149}}]},"23":{"loc":{"start":{"line":101,"column":49},"end":{"line":101,"column":76}},"type":"binary-expr","locations":[{"start":{"line":101,"column":49},"end":{"line":101,"column":76}},{"start":{"line":101,"column":80},"end":{"line":101,"column":112}}]},"24":{"loc":{"start":{"line":119,"column":24},"end":{"line":144,"column":25}},"type":"if","locations":[{"start":{"line":119,"column":24},"end":{"line":144,"column":25}},{"start":{"line":119,"column":24},"end":{"line":144,"column":25}}]},"25":{"loc":{"start":{"line":119,"column":28},"end":{"line":119,"column":65}},"type":"binary-expr","locations":[{"start":{"line":119,"column":28},"end":{"line":119,"column":65}},{"start":{"line":119,"column":69},"end":{"line":119,"column":111}}]},"26":{"loc":{"start":{"line":120,"column":191},"end":{"line":120,"column":256}},"type":"cond-expr","locations":[{"start":{"line":120,"column":191},"end":{"line":120,"column":256}},{"start":{"line":120,"column":259},"end":{"line":120,"column":261}}]},"27":{"loc":{"start":{"line":120,"column":53},"end":{"line":120,"column":121}},"type":"binary-expr","locations":[{"start":{"line":120,"column":53},"end":{"line":120,"column":121}},{"start":{"line":120,"column":125},"end":{"line":120,"column":188}}]},"28":{"loc":{"start":{"line":121,"column":153},"end":{"line":121,"column":203}},"type":"cond-expr","locations":[{"start":{"line":121,"column":153},"end":{"line":121,"column":203}},{"start":{"line":121,"column":206},"end":{"line":121,"column":208}}]},"29":{"loc":{"start":{"line":121,"column":45},"end":{"line":121,"column":98}},"type":"binary-expr","locations":[{"start":{"line":121,"column":45},"end":{"line":121,"column":98}},{"start":{"line":121,"column":102},"end":{"line":121,"column":150}}]},"30":{"loc":{"start":{"line":138,"column":152},"end":{"line":138,"column":238}},"type":"cond-expr","locations":[{"start":{"line":138,"column":152},"end":{"line":138,"column":238}},{"start":{"line":138,"column":241},"end":{"line":138,"column":243}}]},"31":{"loc":{"start":{"line":138,"column":48},"end":{"line":138,"column":94}},"type":"binary-expr","locations":[{"start":{"line":138,"column":48},"end":{"line":138,"column":94}},{"start":{"line":138,"column":98},"end":{"line":138,"column":149}}]},"32":{"loc":{"start":{"line":139,"column":185},"end":{"line":139,"column":282}},"type":"cond-expr","locations":[{"start":{"line":139,"column":185},"end":{"line":139,"column":282}},{"start":{"line":139,"column":285},"end":{"line":139,"column":287}}]},"33":{"loc":{"start":{"line":139,"column":59},"end":{"line":139,"column":116}},"type":"binary-expr","locations":[{"start":{"line":139,"column":59},"end":{"line":139,"column":116}},{"start":{"line":139,"column":120},"end":{"line":139,"column":182}}]},"34":{"loc":{"start":{"line":145,"column":24},"end":{"line":157,"column":25}},"type":"if","locations":[{"start":{"line":145,"column":24},"end":{"line":157,"column":25}},{"start":{"line":145,"column":24},"end":{"line":157,"column":25}}]},"35":{"loc":{"start":{"line":145,"column":28},"end":{"line":145,"column":67}},"type":"binary-expr","locations":[{"start":{"line":145,"column":28},"end":{"line":145,"column":67}},{"start":{"line":145,"column":71},"end":{"line":145,"column":105}}]},"36":{"loc":{"start":{"line":214,"column":16},"end":{"line":216,"column":17}},"type":"if","locations":[{"start":{"line":214,"column":16},"end":{"line":216,"column":17}},{"start":{"line":214,"column":16},"end":{"line":216,"column":17}}]},"37":{"loc":{"start":{"line":219,"column":12},"end":{"line":335,"column":13}},"type":"if","locations":[{"start":{"line":219,"column":12},"end":{"line":335,"column":13}},{"start":{"line":219,"column":12},"end":{"line":335,"column":13}}]},"38":{"loc":{"start":{"line":225,"column":16},"end":{"line":227,"column":17}},"type":"if","locations":[{"start":{"line":225,"column":16},"end":{"line":227,"column":17}},{"start":{"line":225,"column":16},"end":{"line":227,"column":17}}]},"39":{"loc":{"start":{"line":250,"column":70},"end":{"line":250,"column":168}},"type":"cond-expr","locations":[{"start":{"line":250,"column":70},"end":{"line":250,"column":168}},{"start":{"line":250,"column":171},"end":{"line":250,"column":173}}]},"40":{"loc":{"start":{"line":255,"column":70},"end":{"line":255,"column":168}},"type":"cond-expr","locations":[{"start":{"line":255,"column":70},"end":{"line":255,"column":168}},{"start":{"line":255,"column":171},"end":{"line":255,"column":173}}]},"41":{"loc":{"start":{"line":260,"column":72},"end":{"line":260,"column":171}},"type":"cond-expr","locations":[{"start":{"line":260,"column":72},"end":{"line":260,"column":171}},{"start":{"line":260,"column":174},"end":{"line":260,"column":176}}]},"42":{"loc":{"start":{"line":316,"column":24},"end":{"line":322,"column":25}},"type":"if","locations":[{"start":{"line":316,"column":24},"end":{"line":322,"column":25}},{"start":{"line":316,"column":24},"end":{"line":322,"column":25}}]},"43":{"loc":{"start":{"line":316,"column":28},"end":{"line":316,"column":50}},"type":"binary-expr","locations":[{"start":{"line":316,"column":28},"end":{"line":316,"column":50}},{"start":{"line":316,"column":54},"end":{"line":316,"column":75}}]}},"s":{"0":2,"1":2,"2":2,"3":2,"4":2,"5":2,"6":0,"7":0,"8":0,"9":0,"10":0,"11":0,"12":0,"13":0,"14":0,"15":0,"16":0,"17":0,"18":0,"19":0,"20":0,"21":0,"22":0,"23":0,"24":0,"25":0,"26":0,"27":0,"28":0,"29":0,"30":0,"31":0,"32":0,"33":0,"34":0,"35":0,"36":0,"37":0,"38":0,"39":0,"40":0,"41":0,"42":0,"43":0,"44":0,"45":0,"46":0,"47":0,"48":0,"49":0,"50":0,"51":0,"52":0,"53":0,"54":0,"55":0,"56":0,"57":0,"58":0,"59":0,"60":0,"61":0,"62":0,"63":0,"64":0,"65":0,"66":0,"67":0,"68":0,"69":0,"70":0,"71":0,"72":0,"73":0,"74":0,"75":0,"76":0,"77":0,"78":0,"79":0,"80":0,"81":0,"82":0,"83":0,"84":0,"85":0,"86":0,"87":0,"88":0,"89":0,"90":0,"91":0,"92":0,"93":0,"94":0,"95":0,"96":0,"97":0,"98":0,"99":0,"100":0,"101":0,"102":0,"103":0,"104":0,"105":0,"106":0,"107":0,"108":2,"109":2,"110":0,"111":0,"112":0,"113":0,"114":0,"115":0,"116":0,"117":0,"118":0,"119":0,"120":0,"121":0,"122":0,"123":0,"124":0,"125":0,"126":0,"127":0,"128":0,"129":0,"130":0,"131":0,"132":0,"133":0,"134":0,"135":0,"136":0,"137":0,"138":0,"139":0,"140":0,"141":0,"142":0,"143":0,"144":0,"145":0,"146":0,"147":0,"148":0,"149":0,"150":0,"151":0,"152":0,"153":0,"154":0,"155":0,"156":0,"157":0,"158":0,"159":0,"160":0,"161":0,"162":0,"163":0,"164":0,"165":0,"166":0,"167":0,"168":0,"169":0,"170":0,"171":0,"172":0,"173":0,"174":0,"175":0,"176":0,"177":0,"178":0,"179":0,"180":0,"181":0,"182":0,"183":0,"184":0,"185":0,"186":0,"187":0,"188":0,"189":0,"190":0,"191":0,"192":0,"193":0,"194":0,"195":0,"196":0,"197":0,"198":0,"199":0,"200":0,"201":0,"202":0,"203":0,"204":0,"205":0,"206":0,"207":0,"208":2,"209":0,"210":0,"211":0,"212":0,"213":0},"f":{"0":2,"1":2,"2":2,"3":0,"4":0,"5":0,"6":0,"7":0,"8":0,"9":0,"10":0,"11":0,"12":0,"13":0,"14":0,"15":0,"16":0},"b":{"0":[0,2,0,0],"1":[0,0],"2":[0,0],"3":[0,0],"4":[0,0],"5":[0,0],"6":[0,0],"7":[0,0],"8":[0,0],"9":[0,0],"10":[0,0],"11":[0,0],"12":[0,0],"13":[0,0],"14":[0,0,0],"15":[0,0],"16":[0,0],"17":[0,0],"18":[0,0],"19":[0,0],"20":[0,0],"21":[0,0],"22":[0,0],"23":[0,0],"24":[0,0],"25":[0,0],"26":[0,0],"27":[0,0],"28":[0,0],"29":[0,0],"30":[0,0],"31":[0,0],"32":[0,0],"33":[0,0],"34":[0,0],"35":[0,0],"36":[0,0],"37":[0,0],"38":[0,0],"39":[0,0],"40":[0,0],"41":[0,0],"42":[0,0],"43":[0,0]}}
,"C:\\Users\\sasikumar.nagalingam\\source\\repos\\ReactApp\\ReactApp\\src\\components\\ProspectComponent\\IncomeSourceComponent.tsx": {"path":"C:\\Users\\sasikumar.nagalingam\\source\\repos\\ReactApp\\ReactApp\\src\\components\\ProspectComponent\\IncomeSourceComponent.tsx","statementMap":{"0":{"start":{"line":13,"column":0},"end":{"line":13,"column":36}},"1":{"start":{"line":13,"column":27},"end":{"line":13,"column":45}},"2":{"start":{"line":15,"column":8},"end":{"line":15,"column":20}},"3":{"start":{"line":16,"column":8},"end":{"line":16,"column":63}},"4":{"start":{"line":18,"column":4},"end":{"line":21,"column":5}},"5":{"start":{"line":19,"column":16},"end":{"line":19,"column":24}},"6":{"start":{"line":20,"column":8},"end":{"line":20,"column":20}},"7":{"start":{"line":22,"column":4},"end":{"line":64,"column":5}},"8":{"start":{"line":23,"column":8},"end":{"line":63,"column":16}},"9":{"start":{"line":65,"column":0},"end":{"line":65,"column":1}}},"fnMap":{"0":{"name":"(anonymous_5)","decl":{"start":{"line":13,"column":0},"end":{"line":null,"column":-1}},"loc":{"start":{"line":13,"column":0},"end":{"line":13,"column":-1}}},"1":{"name":"IncomeSource","decl":{"start":{"line":14,"column":4},"end":{"line":14,"column":15}},"loc":{"start":{"line":14,"column":21},"end":{"line":17,"column":5}}},"2":{"name":"(anonymous_7)","decl":{"start":{"line":18,"column":4},"end":{"line":18,"column":19}},"loc":{"start":{"line":18,"column":21},"end":{"line":21,"column":5}}},"3":{"name":"(anonymous_8)","decl":{"start":{"line":22,"column":4},"end":{"line":null,"column":-1}},"loc":{"start":{"line":22,"column":4},"end":{"line":64,"column":5}}}},"branchMap":{"0":{"loc":{"start":{"line":15,"column":8},"end":{"line":15,"column":20}},"type":"binary-expr","locations":[{"start":{"line":15,"column":8},"end":{"line":15,"column":20}},{"start":{"line":15,"column":20},"end":{"line":17,"column":4}}]}},"s":{"0":1,"1":1,"2":1,"3":1,"4":1,"5":0,"6":0,"7":1,"8":1,"9":1},"f":{"0":1,"1":1,"2":0,"3":1},"b":{"0":[1,1]}}
,"C:\\Users\\sasikumar.nagalingam\\source\\repos\\ReactApp\\ReactApp\\src\\components\\ProspectComponent\\InvestorProfileComponent.tsx": {"path":"C:\\Users\\sasikumar.nagalingam\\source\\repos\\ReactApp\\ReactApp\\src\\components\\ProspectComponent\\InvestorProfileComponent.tsx","statementMap":{"0":{"start":{"line":33,"column":0},"end":{"line":33,"column":39}},"1":{"start":{"line":33,"column":30},"end":{"line":33,"column":48}},"2":{"start":{"line":35,"column":8},"end":{"line":35,"column":20}},"3":{"start":{"line":36,"column":8},"end":{"line":36,"column":63}},"4":{"start":{"line":38,"column":4},"end":{"line":41,"column":5}},"5":{"start":{"line":39,"column":16},"end":{"line":39,"column":24}},"6":{"start":{"line":40,"column":8},"end":{"line":40,"column":20}},"7":{"start":{"line":42,"column":4},"end":{"line":231,"column":5}},"8":{"start":{"line":43,"column":14},"end":{"line":43,"column":20}},"9":{"start":{"line":45,"column":8},"end":{"line":47,"column":9}},"10":{"start":{"line":46,"column":12},"end":{"line":46,"column":154}},"11":{"start":{"line":46,"column":71},"end":{"line":46,"column":151}},"12":{"start":{"line":48,"column":8},"end":{"line":230,"column":16}},"13":{"start":{"line":232,"column":0},"end":{"line":232,"column":1}}},"fnMap":{"0":{"name":"(anonymous_5)","decl":{"start":{"line":33,"column":0},"end":{"line":null,"column":-1}},"loc":{"start":{"line":33,"column":0},"end":{"line":33,"column":-1}}},"1":{"name":"InvestorProfile","decl":{"start":{"line":34,"column":4},"end":{"line":34,"column":15}},"loc":{"start":{"line":34,"column":21},"end":{"line":37,"column":5}}},"2":{"name":"(anonymous_7)","decl":{"start":{"line":38,"column":4},"end":{"line":38,"column":19}},"loc":{"start":{"line":38,"column":21},"end":{"line":41,"column":5}}},"3":{"name":"(anonymous_8)","decl":{"start":{"line":42,"column":4},"end":{"line":null,"column":-1}},"loc":{"start":{"line":42,"column":4},"end":{"line":231,"column":5}}},"4":{"name":"(anonymous_9)","decl":{"start":{"line":46,"column":53},"end":{"line":46,"column":53}},"loc":{"start":{"line":46,"column":64},"end":{"line":46,"column":153}}}},"branchMap":{"0":{"loc":{"start":{"line":35,"column":8},"end":{"line":35,"column":20}},"type":"binary-expr","locations":[{"start":{"line":35,"column":8},"end":{"line":35,"column":20}},{"start":{"line":35,"column":20},"end":{"line":37,"column":4}}]},"1":{"loc":{"start":{"line":45,"column":8},"end":{"line":47,"column":9}},"type":"if","locations":[{"start":{"line":45,"column":8},"end":{"line":47,"column":9}},{"start":{"line":45,"column":8},"end":{"line":47,"column":9}}]}},"s":{"0":1,"1":1,"2":1,"3":1,"4":1,"5":0,"6":0,"7":1,"8":1,"9":1,"10":1,"11":0,"12":1,"13":1},"f":{"0":1,"1":1,"2":0,"3":1,"4":0},"b":{"0":[1,1],"1":[1,0]}}
,"C:\\Users\\sasikumar.nagalingam\\source\\repos\\ReactApp\\ReactApp\\src\\components\\ProspectComponent\\PersonalInformationComponent.tsx": {"path":"C:\\Users\\sasikumar.nagalingam\\source\\repos\\ReactApp\\ReactApp\\src\\components\\ProspectComponent\\PersonalInformationComponent.tsx","statementMap":{"0":{"start":{"line":11,"column":0},"end":{"line":11,"column":43}},"1":{"start":{"line":11,"column":34},"end":{"line":11,"column":53}},"2":{"start":{"line":13,"column":8},"end":{"line":13,"column":20}},"3":{"start":{"line":14,"column":8},"end":{"line":14,"column":63}},"4":{"start":{"line":15,"column":8},"end":{"line":15,"column":65}},"5":{"start":{"line":17,"column":4},"end":{"line":20,"column":5}},"6":{"start":{"line":18,"column":16},"end":{"line":18,"column":32}},"7":{"start":{"line":19,"column":8},"end":{"line":19,"column":28}},"8":{"start":{"line":21,"column":4},"end":{"line":24,"column":5}},"9":{"start":{"line":22,"column":16},"end":{"line":22,"column":24}},"10":{"start":{"line":23,"column":8},"end":{"line":23,"column":20}},"11":{"start":{"line":26,"column":4},"end":{"line":242,"column":5}},"12":{"start":{"line":27,"column":14},"end":{"line":27,"column":20}},"13":{"start":{"line":29,"column":8},"end":{"line":32,"column":9}},"14":{"start":{"line":31,"column":12},"end":{"line":31,"column":154}},"15":{"start":{"line":31,"column":71},"end":{"line":31,"column":151}},"16":{"start":{"line":34,"column":8},"end":{"line":241,"column":10}},"17":{"start":{"line":243,"column":7},"end":{"line":246,"column":2}},"18":{"start":{"line":247,"column":0},"end":{"line":247,"column":1}}},"fnMap":{"0":{"name":"(anonymous_5)","decl":{"start":{"line":11,"column":0},"end":{"line":null,"column":-1}},"loc":{"start":{"line":11,"column":0},"end":{"line":11,"column":-1}}},"1":{"name":"PersonalInformation","decl":{"start":{"line":12,"column":4},"end":{"line":12,"column":15}},"loc":{"start":{"line":12,"column":21},"end":{"line":16,"column":5}}},"2":{"name":"(anonymous_7)","decl":{"start":{"line":17,"column":4},"end":{"line":17,"column":20}},"loc":{"start":{"line":17,"column":22},"end":{"line":20,"column":5}}},"3":{"name":"(anonymous_8)","decl":{"start":{"line":21,"column":4},"end":{"line":21,"column":19}},"loc":{"start":{"line":21,"column":21},"end":{"line":24,"column":5}}},"4":{"name":"(anonymous_9)","decl":{"start":{"line":26,"column":4},"end":{"line":null,"column":-1}},"loc":{"start":{"line":26,"column":4},"end":{"line":242,"column":5}}},"5":{"name":"(anonymous_10)","decl":{"start":{"line":31,"column":53},"end":{"line":31,"column":53}},"loc":{"start":{"line":31,"column":64},"end":{"line":31,"column":153}}}},"branchMap":{"0":{"loc":{"start":{"line":13,"column":8},"end":{"line":13,"column":20}},"type":"binary-expr","locations":[{"start":{"line":13,"column":8},"end":{"line":13,"column":20}},{"start":{"line":13,"column":20},"end":{"line":16,"column":4}}]},"1":{"loc":{"start":{"line":29,"column":8},"end":{"line":32,"column":9}},"type":"if","locations":[{"start":{"line":29,"column":8},"end":{"line":32,"column":9}},{"start":{"line":29,"column":8},"end":{"line":32,"column":9}}]},"2":{"loc":{"start":{"line":107,"column":123},"end":{"line":107,"column":155}},"type":"binary-expr","locations":[{"start":{"line":107,"column":123},"end":{"line":107,"column":155}},{"start":{"line":107,"column":159},"end":{"line":107,"column":191}}]}},"s":{"0":1,"1":1,"2":1,"3":1,"4":1,"5":1,"6":0,"7":0,"8":1,"9":0,"10":0,"11":1,"12":1,"13":1,"14":1,"15":0,"16":1,"17":1,"18":1},"f":{"0":1,"1":1,"2":0,"3":0,"4":1,"5":0},"b":{"0":[1,1],"1":[1,0],"2":[1,1]}}
,"C:\\Users\\sasikumar.nagalingam\\source\\repos\\ReactApp\\ReactApp\\src\\constants\\ActionTypes.ts": {"path":"C:\\Users\\sasikumar.nagalingam\\source\\repos\\ReactApp\\ReactApp\\src\\constants\\ActionTypes.ts","statementMap":{"0":{"start":{"line":1,"column":37},"end":{"line":1,"column":59}},"1":{"start":{"line":2,"column":35},"end":{"line":2,"column":56}},"2":{"start":{"line":3,"column":36},"end":{"line":3,"column":50}},"3":{"start":{"line":4,"column":39},"end":{"line":4,"column":64}},"4":{"start":{"line":5,"column":38},"end":{"line":5,"column":62}},"5":{"start":{"line":6,"column":39},"end":{"line":6,"column":64}},"6":{"start":{"line":7,"column":28},"end":{"line":7,"column":42}},"7":{"start":{"line":9,"column":33},"end":{"line":9,"column":53}},"8":{"start":{"line":10,"column":32},"end":{"line":10,"column":51}},"9":{"start":{"line":11,"column":33},"end":{"line":11,"column":53}},"10":{"start":{"line":12,"column":30},"end":{"line":12,"column":47}},"11":{"start":{"line":13,"column":44},"end":{"line":13,"column":63}},"12":{"start":{"line":14,"column":27},"end":{"line":14,"column":41}},"13":{"start":{"line":15,"column":30},"end":{"line":15,"column":42}},"14":{"start":{"line":16,"column":28},"end":{"line":16,"column":43}}},"fnMap":{},"branchMap":{},"s":{"0":3,"1":3,"2":3,"3":3,"4":3,"5":3,"6":3,"7":3,"8":3,"9":3,"10":3,"11":3,"12":3,"13":3,"14":3},"f":{},"b":{}}
,"C:\\Users\\sasikumar.nagalingam\\source\\repos\\ReactApp\\ReactApp\\src\\constants\\actionTypes.ts": {"path":"C:\\Users\\sasikumar.nagalingam\\source\\repos\\ReactApp\\ReactApp\\src\\constants\\actionTypes.ts","statementMap":{"0":{"start":{"line":1,"column":37},"end":{"line":1,"column":59}},"1":{"start":{"line":2,"column":35},"end":{"line":2,"column":56}},"2":{"start":{"line":3,"column":36},"end":{"line":3,"column":50}},"3":{"start":{"line":4,"column":39},"end":{"line":4,"column":64}},"4":{"start":{"line":5,"column":38},"end":{"line":5,"column":62}},"5":{"start":{"line":6,"column":39},"end":{"line":6,"column":64}},"6":{"start":{"line":7,"column":28},"end":{"line":7,"column":42}},"7":{"start":{"line":9,"column":33},"end":{"line":9,"column":53}},"8":{"start":{"line":10,"column":32},"end":{"line":10,"column":51}},"9":{"start":{"line":11,"column":33},"end":{"line":11,"column":53}},"10":{"start":{"line":12,"column":30},"end":{"line":12,"column":47}},"11":{"start":{"line":13,"column":44},"end":{"line":13,"column":63}},"12":{"start":{"line":14,"column":27},"end":{"line":14,"column":41}},"13":{"start":{"line":15,"column":30},"end":{"line":15,"column":42}},"14":{"start":{"line":16,"column":28},"end":{"line":16,"column":43}}},"fnMap":{},"branchMap":{},"s":{"0":3,"1":3,"2":3,"3":3,"4":3,"5":3,"6":3,"7":3,"8":3,"9":3,"10":3,"11":3,"12":3,"13":3,"14":3},"f":{},"b":{}}
,"C:\\Users\\sasikumar.nagalingam\\source\\repos\\ReactApp\\ReactApp\\src\\constants\\index.ts": {"path":"C:\\Users\\sasikumar.nagalingam\\source\\repos\\ReactApp\\ReactApp\\src\\constants\\index.ts","statementMap":{"0":{"start":{"line":1,"column":27},"end":{"line":1,"column":31}},"1":{"start":{"line":2,"column":26},"end":{"line":2,"column":59}}},"fnMap":{},"branchMap":{},"s":{"0":3,"1":3},"f":{},"b":{}}
,"C:\\Users\\sasikumar.nagalingam\\source\\repos\\ReactApp\\ReactApp\\src\\containers\\ProspectContainer\\IncomeSourceContainer.ts": {"path":"C:\\Users\\sasikumar.nagalingam\\source\\repos\\ReactApp\\ReactApp\\src\\containers\\ProspectContainer\\IncomeSourceContainer.ts","statementMap":{"0":{"start":{"line":5,"column":24},"end":{"line":13,"column":2}},"1":{"start":{"line":5,"column":35},"end":{"line":13,"column":2}},"2":{"start":{"line":14,"column":37},"end":{"line":14,"column":95}}},"fnMap":{"0":{"name":"(anonymous_0)","decl":{"start":{"line":5,"column":24},"end":{"line":5,"column":24}},"loc":{"start":{"line":5,"column":30},"end":{"line":13,"column":2}}}},"branchMap":{},"s":{"0":1,"1":0,"2":1},"f":{"0":0},"b":{}}
,"C:\\Users\\sasikumar.nagalingam\\source\\repos\\ReactApp\\ReactApp\\src\\containers\\ProspectContainer\\InvestorProfileContainer.ts": {"path":"C:\\Users\\sasikumar.nagalingam\\source\\repos\\ReactApp\\ReactApp\\src\\containers\\ProspectContainer\\InvestorProfileContainer.ts","statementMap":{"0":{"start":{"line":5,"column":24},"end":{"line":27,"column":6}},"1":{"start":{"line":5,"column":35},"end":{"line":27,"column":6}},"2":{"start":{"line":29,"column":40},"end":{"line":29,"column":101}}},"fnMap":{"0":{"name":"(anonymous_0)","decl":{"start":{"line":5,"column":24},"end":{"line":5,"column":24}},"loc":{"start":{"line":5,"column":30},"end":{"line":27,"column":6}}}},"branchMap":{},"s":{"0":1,"1":0,"2":1},"f":{"0":0},"b":{}}
[...]
,"C:\\Users\\sasikumar.nagalingam\\source\\repos\\ReactApp\\ReactApp\\src\\store\\Prospect.ts": {"path":"C:\\Users\\sasikumar.nagalingam\\source\\repos\\ReactApp\\ReactApp\\src\\store\\Prospect.ts","statementMap":{"0":{"start":{"line":74,"column":30},"end":{"line":80,"column":1}},"1":{"start":{"line":75,"column":42},"end":{"line":75,"column":100}},"2":{"start":{"line":76,"column":44},"end":{"line":76,"column":100}},"3":{"start":{"line":77,"column":31},"end":{"line":77,"column":83}},"4":{"start":{"line":78,"column":36},"end":{"line":78,"column":91}},"5":{"start":{"line":79,"column":33},"end":{"line":79,"column":91}},"6":{"start":{"line":83,"column":47},"end":{"line":100,"column":1}},"7":{"start":{"line":84,"column":4},"end":{"line":95,"column":5}},"8":{"start":{"line":86,"column":12},"end":{"line":86,"column":77}},"9":{"start":{"line":88,"column":12},"end":{"line":88,"column":54}},"10":{"start":{"line":90,"column":12},"end":{"line":90,"column":49}},"11":{"start":{"line":94,"column":43},"end":{"line":94,"column":49}},"12":{"start":{"line":99,"column":4},"end":{"line":99,"column":44}},"13":{"start":{"line":109,"column":39},"end":{"line":112,"column":1}},"14":{"start":{"line":110,"column":41},"end":{"line":110,"column":88}},"15":{"start":{"line":116,"column":57},"end":{"line":123,"column":1}},"16":{"start":{"line":117,"column":4},"end":{"line":122,"column":5}},"17":{"start":{"line":119,"column":12},"end":{"line":119,"column":36}},"18":{"start":{"line":121,"column":12},"end":{"line":121,"column":52}}},"fnMap":{"0":{"name":"(anonymous_0)","decl":{"start":{"line":75,"column":26},"end":{"line":75,"column":26}},"loc":{"start":{"line":75,"column":37},"end":{"line":75,"column":100}}},"1":{"name":"(anonymous_1)","decl":{"start":{"line":76,"column":26},"end":{"line":76,"column":26}},"loc":{"start":{"line":76,"column":39},"end":{"line":76,"column":100}}},"2":{"name":"(anonymous_2)","decl":{"start":{"line":77,"column":25},"end":{"line":77,"column":30}},"loc":{"start":{"line":77,"column":25},"end":{"line":77,"column":83}}},"3":{"name":"(anonymous_3)","decl":{"start":{"line":78,"column":19},"end":{"line":78,"column":19}},"loc":{"start":{"line":78,"column":31},"end":{"line":78,"column":91}}},"4":{"name":"(anonymous_4)","decl":{"start":{"line":79,"column":27},"end":{"line":79,"column":32}},"loc":{"start":{"line":79,"column":27},"end":{"line":79,"column":91}}},"5":{"name":"(anonymous_5)","decl":{"start":{"line":83,"column":47},"end":{"line":83,"column":47}},"loc":{"start":{"line":83,"column":89},"end":{"line":100,"column":1}}},"6":{"name":"(anonymous_6)","decl":{"start":{"line":110,"column":18},"end":{"line":110,"column":18}},"loc":{"start":{"line":110,"column":36},"end":{"line":110,"column":88}}},"7":{"name":"(anonymous_7)","decl":{"start":{"line":116,"column":57},"end":{"line":116,"column":57}},"loc":{"start":{"line":116,"column":109},"end":{"line":123,"column":1}}}},"branchMap":{"0":{"loc":{"start":{"line":85,"column":8},"end":{"line":86,"column":77}},"type":"switch","locations":[{"start":{"line":85,"column":8},"end":{"line":86,"column":77}},{"start":{"line":87,"column":8},"end":{"line":88,"column":54}},{"start":{"line":89,"column":8},"end":{"line":90,"column":49}},{"start":{"line":92,"column":8},"end":{"line":94,"column":50}}]},"1":{"loc":{"start":{"line":99,"column":33},"end":{"line":99,"column":35}},"type":"cond-expr","locations":[{"start":{"line":99,"column":33},"end":{"line":99,"column":35}},{"start":{"line":99,"column":38},"end":{"line":99,"column":43}}]},"2":{"loc":{"start":{"line":118,"column":8},"end":{"line":119,"column":36}},"type":"switch","locations":[{"start":{"line":118,"column":8},"end":{"line":119,"column":36}},{"start":{"line":120,"column":8},"end":{"line":121,"column":52}}]},"3":{"loc":{"start":{"line":121,"column":41},"end":{"line":121,"column":43}},"type":"cond-expr","locations":[{"start":{"line":121,"column":41},"end":{"line":121,"column":43}},{"start":{"line":121,"column":46},"end":{"line":121,"column":51}}]}},"s":{"0":3,"1":0,"2":0,"3":0,"4":0,"5":0,"6":3,"7":0,"8":0,"9":0,"10":0,"11":0,"12":0,"13":3,"14":0,"15":3,"16":0,"17":0,"18":0},"f":{"0":0,"1":0,"2":0,"3":0,"4":0,"5":0,"6":0,"7":0},"b":{"0":[0,0,0,0],"1":[0,0],"2":[0,0],"3":[0,0]}}
,"C:\\Users\\sasikumar.nagalingam\\source\\repos\\ReactApp\\ReactApp\\src\\store\\States.ts": {"path":"C:\\Users\\sasikumar.nagalingam\\source\\repos\\ReactApp\\ReactApp\\src\\store\\States.ts","statementMap":{"0":{"start":{"line":15,"column":30},"end":{"line":19,"column":1}},"1":{"start":{"line":16,"column":29},"end":{"line":16,"column":78}},"2":{"start":{"line":17,"column":35},"end":{"line":17,"column":92}},"3":{"start":{"line":18,"column":29},"end":{"line":18,"column":77}},"4":{"start":{"line":22,"column":45},"end":{"line":37,"column":1}},"5":{"start":{"line":23,"column":4},"end":{"line":32,"column":5}},"6":{"start":{"line":25,"column":12},"end":{"line":25,"column":59}},"7":{"start":{"line":28,"column":12},"end":{"line":28,"column":48}},"8":{"start":{"line":31,"column":43},"end":{"line":31,"column":49}},"9":{"start":{"line":36,"column":4},"end":{"line":36,"column":44}}},"fnMap":{"0":{"name":"(anonymous_0)","decl":{"start":{"line":16,"column":23},"end":{"line":16,"column":28}},"loc":{"start":{"line":16,"column":23},"end":{"line":16,"column":78}}},"1":{"name":"(anonymous_1)","decl":{"start":{"line":17,"column":23},"end":{"line":17,"column":23}},"loc":{"start":{"line":17,"column":30},"end":{"line":17,"column":92}}},"2":{"name":"(anonymous_2)","decl":{"start":{"line":18,"column":23},"end":{"line":18,"column":28}},"loc":{"start":{"line":18,"column":23},"end":{"line":18,"column":77}}},"3":{"name":"(anonymous_3)","decl":{"start":{"line":22,"column":45},"end":{"line":22,"column":45}},"loc":{"start":{"line":22,"column":85},"end":{"line":37,"column":1}}}},"branchMap":{"0":{"loc":{"start":{"line":24,"column":8},"end":{"line":25,"column":59}},"type":"switch","locations":[{"start":{"line":24,"column":8},"end":{"line":25,"column":59}},{"start":{"line":26,"column":8},"end":{"line":26,"column":34}},{"start":{"line":27,"column":8},"end":{"line":28,"column":48}},{"start":{"line":29,"column":8},"end":{"line":31,"column":50}}]},"1":{"loc":{"start":{"line":36,"column":33},"end":{"line":36,"column":35}},"type":"cond-expr","locations":[{"start":{"line":36,"column":33},"end":{"line":36,"column":35}},{"start":{"line":36,"column":38},"end":{"line":36,"column":43}}]}},"s":{"0":3,"1":0,"2":0,"3":0,"4":3,"5":0,"6":0,"7":0,"8":0,"9":0},"f":{"0":0,"1":0,"2":0,"3":0},"b":{"0":[0,0,0,0],"1":[0,0]}}
,"C:\\Users\\sasikumar.nagalingam\\source\\repos\\ReactApp\\ReactApp\\src\\store\\index.ts": {"path":"C:\\Users\\sasikumar.nagalingam\\source\\repos\\ReactApp\\ReactApp\\src\\store\\index.ts","statementMap":{"0":{"start":{"line":26,"column":24},"end":{"line":32,"column":1}}},"fnMap":{},"branchMap":{},"s":{"0":1},"f":{},"b":{}}
,"C:\\Users\\sasikumar.nagalingam\\source\\repos\\ReactApp\\ReactApp\\src\\store\\loader.ts": {"path":"C:\\Users\\sasikumar.nagalingam\\source\\repos\\ReactApp\\ReactApp\\src\\store\\loader.ts","statementMap":{"0":{"start":{"line":14,"column":30},"end":{"line":17,"column":1}},"1":{"start":{"line":15,"column":23},"end":{"line":15,"column":60}},"2":{"start":{"line":16,"column":21},"end":{"line":16,"column":54}},"3":{"start":{"line":20,"column":41},"end":{"line":34,"column":1}},"4":{"start":{"line":21,"column":4},"end":{"line":29,"column":5}},"5":{"start":{"line":23,"column":12},"end":{"line":23,"column":25}},"6":{"start":{"line":25,"column":12},"end":{"line":25,"column":27}},"7":{"start":{"line":28,"column":43},"end":{"line":28,"column":49}},"8":{"start":{"line":33,"column":4},"end":{"line":33,"column":47}}},"fnMap":{"0":{"name":"(anonymous_0)","decl":{"start":{"line":15,"column":17},"end":{"line":15,"column":22}},"loc":{"start":{"line":15,"column":17},"end":{"line":15,"column":60}}},"1":{"name":"(anonymous_1)","decl":{"start":{"line":16,"column":15},"end":{"line":16,"column":20}},"loc":{"start":{"line":16,"column":15},"end":{"line":16,"column":54}}},"2":{"name":"(anonymous_2)","decl":{"start":{"line":20,"column":41},"end":{"line":20,"column":41}},"loc":{"start":{"line":20,"column":77},"end":{"line":34,"column":1}}}},"branchMap":{"0":{"loc":{"start":{"line":22,"column":8},"end":{"line":23,"column":25}},"type":"switch","locations":[{"start":{"line":22,"column":8},"end":{"line":23,"column":25}},{"start":{"line":24,"column":8},"end":{"line":25,"column":27}},{"start":{"line":26,"column":8},"end":{"line":28,"column":50}}]},"1":{"loc":{"start":{"line":33,"column":32},"end":{"line":33,"column":37}},"type":"cond-expr","locations":[{"start":{"line":33,"column":32},"end":{"line":33,"column":37}},{"start":{"line":33,"column":41},"end":{"line":33,"column":46}}]}},"s":{"0":2,"1":1,"2":0,"3":2,"4":10,"5":4,"6":1,"7":5,"8":5},"f":{"0":1,"1":0,"2":10},"b":{"0":[4,1,5],"1":[4,1]}}
,"C:\\Users\\sasikumar.nagalingam\\source\\repos\\ReactApp\\ReactApp\\src\\store\\prospect.ts": {"path":"C:\\Users\\sasikumar.nagalingam\\source\\repos\\ReactApp\\ReactApp\\src\\store\\prospect.ts","statementMap":{"0":{"start":{"line":74,"column":30},"end":{"line":80,"column":1}},"1":{"start":{"line":75,"column":42},"end":{"line":75,"column":100}},"2":{"start":{"line":76,"column":44},"end":{"line":76,"column":100}},"3":{"start":{"line":77,"column":31},"end":{"line":77,"column":83}},"4":{"start":{"line":78,"column":36},"end":{"line":78,"column":91}},"5":{"start":{"line":79,"column":33},"end":{"line":79,"column":91}},"6":{"start":{"line":83,"column":47},"end":{"line":100,"column":1}},"7":{"start":{"line":84,"column":4},"end":{"line":95,"column":5}},"8":{"start":{"line":86,"column":12},"end":{"line":86,"column":77}},"9":{"start":{"line":88,"column":12},"end":{"line":88,"column":54}},"10":{"start":{"line":90,"column":12},"end":{"line":90,"column":49}},"11":{"start":{"line":94,"column":43},"end":{"line":94,"column":49}},"12":{"start":{"line":99,"column":4},"end":{"line":99,"column":44}},"13":{"start":{"line":109,"column":39},"end":{"line":112,"column":1}},"14":{"start":{"line":110,"column":41},"end":{"line":110,"column":88}},"15":{"start":{"line":116,"column":57},"end":{"line":123,"column":1}},"16":{"start":{"line":117,"column":4},"end":{"line":122,"column":5}},"17":{"start":{"line":119,"column":12},"end":{"line":119,"column":36}},"18":{"start":{"line":121,"column":12},"end":{"line":121,"column":52}}},"fnMap":{"0":{"name":"(anonymous_0)","decl":{"start":{"line":75,"column":26},"end":{"line":75,"column":26}},"loc":{"start":{"line":75,"column":37},"end":{"line":75,"column":100}}},"1":{"name":"(anonymous_1)","decl":{"start":{"line":76,"column":26},"end":{"line":76,"column":26}},"loc":{"start":{"line":76,"column":39},"end":{"line":76,"column":100}}},"2":{"name":"(anonymous_2)","decl":{"start":{"line":77,"column":25},"end":{"line":77,"column":30}},"loc":{"start":{"line":77,"column":25},"end":{"line":77,"column":83}}},"3":{"name":"(anonymous_3)","decl":{"start":{"line":78,"column":19},"end":{"line":78,"column":19}},"loc":{"start":{"line":78,"column":31},"end":{"line":78,"column":91}}},"4":{"name":"(anonymous_4)","decl":{"start":{"line":79,"column":27},"end":{"line":79,"column":32}},"loc":{"start":{"line":79,"column":27},"end":{"line":79,"column":91}}},"5":{"name":"(anonymous_5)","decl":{"start":{"line":83,"column":47},"end":{"line":83,"column":47}},"loc":{"start":{"line":83,"column":89},"end":{"line":100,"column":1}}},"6":{"name":"(anonymous_6)","decl":{"start":{"line":110,"column":18},"end":{"line":110,"column":18}},"loc":{"start":{"line":110,"column":36},"end":{"line":110,"column":88}}},"7":{"name":"(anonymous_7)","decl":{"start":{"line":116,"column":57},"end":{"line":116,"column":57}},"loc":{"start":{"line":116,"column":109},"end":{"line":123,"column":1}}}},"branchMap":{"0":{"loc":{"start":{"line":85,"column":8},"end":{"line":86,"column":77}},"type":"switch","locations":[{"start":{"line":85,"column":8},"end":{"line":86,"column":77}},{"start":{"line":87,"column":8},"end":{"line":88,"column":54}},{"start":{"line":89,"column":8},"end":{"line":90,"column":49}},{"start":{"line":92,"column":8},"end":{"line":94,"column":50}}]},"1":{"loc":{"start":{"line":99,"column":33},"end":{"line":99,"column":35}},"type":"cond-expr","locations":[{"start":{"line":99,"column":33},"end":{"line":99,"column":35}},{"start":{"line":99,"column":38},"end":{"line":99,"column":43}}]},"2":{"loc":{"start":{"line":118,"column":8},"end":{"line":119,"column":36}},"type":"switch","locations":[{"start":{"line":118,"column":8},"end":{"line":119,"column":36}},{"start":{"line":120,"column":8},"end":{"line":121,"column":52}}]},"3":{"loc":{"start":{"line":121,"column":41},"end":{"line":121,"column":43}},"type":"cond-expr","locations":[{"start":{"line":121,"column":41},"end":{"line":121,"column":43}},{"start":{"line":121,"column":46},"end":{"line":121,"column":51}}]}},"s":{"0":2,"1":2,"2":0,"3":0,"4":0,"5":0,"6":2,"7":7,"8":0,"9":0,"10":0,"11":7,"12":7,"13":2,"14":1,"15":2,"16":7,"17":1,"18":6},"f":{"0":2,"1":0,"2":0,"3":0,"4":0,"5":7,"6":1,"7":7},"b":{"0":[0,0,0,7],"1":[3,4],"2":[1,6],"3":[3,3]}}
,"C:\\Users\\sasikumar.nagalingam\\source\\repos\\ReactApp\\ReactApp\\src\\store\\states.ts": {"path":"C:\\Users\\sasikumar.nagalingam\\source\\repos\\ReactApp\\ReactApp\\src\\store\\states.ts","statementMap":{"0":{"start":{"line":15,"column":30},"end":{"line":19,"column":1}},"1":{"start":{"line":16,"column":29},"end":{"line":16,"column":78}},"2":{"start":{"line":17,"column":35},"end":{"line":17,"column":92}},"3":{"start":{"line":18,"column":29},"end":{"line":18,"column":77}},"4":{"start":{"line":22,"column":45},"end":{"line":37,"column":1}},"5":{"start":{"line":23,"column":4},"end":{"line":32,"column":5}},"6":{"start":{"line":25,"column":12},"end":{"line":25,"column":59}},"7":{"start":{"line":28,"column":12},"end":{"line":28,"column":48}},"8":{"start":{"line":31,"column":43},"end":{"line":31,"column":49}},"9":{"start":{"line":36,"column":4},"end":{"line":36,"column":44}}},"fnMap":{"0":{"name":"(anonymous_0)","decl":{"start":{"line":16,"column":23},"end":{"line":16,"column":28}},"loc":{"start":{"line":16,"column":23},"end":{"line":16,"column":78}}},"1":{"name":"(anonymous_1)","decl":{"start":{"line":17,"column":23},"end":{"line":17,"column":23}},"loc":{"start":{"line":17,"column":30},"end":{"line":17,"column":92}}},"2":{"name":"(anonymous_2)","decl":{"start":{"line":18,"column":23},"end":{"line":18,"column":28}},"loc":{"start":{"line":18,"column":23},"end":{"line":18,"column":77}}},"3":{"name":"(anonymous_3)","decl":{"start":{"line":22,"column":45},"end":{"line":22,"column":45}},"loc":{"start":{"line":22,"column":85},"end":{"line":37,"column":1}}}},"branchMap":{"0":{"loc":{"start":{"line":24,"column":8},"end":{"line":25,"column":59}},"type":"switch","locations":[{"start":{"line":24,"column":8},"end":{"line":25,"column":59}},{"start":{"line":26,"column":8},"end":{"line":26,"column":34}},{"start":{"line":27,"column":8},"end":{"line":28,"column":48}},{"start":{"line":29,"column":8},"end":{"line":31,"column":50}}]},"1":{"loc":{"start":{"line":36,"column":33},"end":{"line":36,"column":35}},"type":"cond-expr","locations":[{"start":{"line":36,"column":33},"end":{"line":36,"column":35}},{"start":{"line":36,"column":38},"end":{"line":36,"column":43}}]}},"s":{"0":2,"1":2,"2":0,"3":0,"4":2,"5":9,"6":1,"7":0,"8":8,"9":8},"f":{"0":2,"1":0,"2":0,"3":9},"b":{"0":[1,0,0,8],"1":[4,4]}}
,"C:\\Users\\sasikumar.nagalingam\\source\\repos\\ReactApp\\ReactApp\\src\\store\\validationMessage.ts": {"path":"C:\\Users\\sasikumar.nagalingam\\source\\repos\\ReactApp\\ReactApp\\src\\store\\validationMessage.ts","statementMap":{"0":{"start":{"line":19,"column":30},"end":{"line":22,"column":1}},"1":{"start":{"line":20,"column":66},"end":{"line":20,"column":136}},"2":{"start":{"line":25,"column":58},"end":{"line":64,"column":1}},"3":{"start":{"line":26,"column":4},"end":{"line":59,"column":5}},"4":{"start":{"line":28,"column":12},"end":{"line":58,"column":13}},"5":{"start":{"line":29,"column":30},"end":{"line":29,"column":35}},"6":{"start":{"line":30,"column":29},"end":{"line":38,"column":18}},"7":{"start":{"line":31,"column":20},"end":{"line":37,"column":21}},"8":{"start":{"line":32,"column":24},"end":{"line":32,"column":39}},"9":{"start":{"line":33,"column":24},"end":{"line":33,"column":95}},"10":{"start":{"line":36,"column":24},"end":{"line":36,"column":37}},"11":{"start":{"line":39,"column":16},"end":{"line":49,"column":17}},"12":{"start":{"line":40,"column":20},"end":{"line":45,"column":26}},"13":{"start":{"line":48,"column":20},"end":{"line":48,"column":34}},"14":{"start":{"line":52,"column":16},"end":{"line":57,"column":22}},"15":{"start":{"line":63,"column":4},"end":{"line":63,"column":44}}},"fnMap":{"0":{"name":"(anonymous_0)","decl":{"start":{"line":20,"column":21},"end":{"line":20,"column":21}},"loc":{"start":{"line":20,"column":61},"end":{"line":20,"column":136}}},"1":{"name":"(anonymous_1)","decl":{"start":{"line":25,"column":58},"end":{"line":25,"column":58}},"loc":{"start":{"line":25,"column":111},"end":{"line":64,"column":1}}},"2":{"name":"(anonymous_2)","decl":{"start":{"line":30,"column":39},"end":{"line":30,"column":39}},"loc":{"start":{"line":30,"column":50},"end":{"line":38,"column":17}}}},"branchMap":{"0":{"loc":{"start":{"line":27,"column":7},"end":{"line":58,"column":13}},"type":"switch","locations":[{"start":{"line":27,"column":7},"end":{"line":58,"column":13}}]},"1":{"loc":{"start":{"line":28,"column":12},"end":{"line":58,"column":13}},"type":"if","locations":[{"start":{"line":28,"column":12},"end":{"line":58,"column":13}},{"start":{"line":28,"column":12},"end":{"line":58,"column":13}}]},"2":{"loc":{"start":{"line":28,"column":16},"end":{"line":28,"column":30}},"type":"binary-expr","locations":[{"start":{"line":28,"column":16},"end":{"line":28,"column":30}},{"start":{"line":28,"column":34},"end":{"line":28,"column":53}}]},"3":{"loc":{"start":{"line":31,"column":20},"end":{"line":37,"column":21}},"type":"if","locations":[{"start":{"line":31,"column":20},"end":{"line":37,"column":21}},{"start":{"line":31,"column":20},"end":{"line":37,"column":21}}]},"4":{"loc":{"start":{"line":39,"column":16},"end":{"line":49,"column":17}},"type":"if","locations":[{"start":{"line":39,"column":16},"end":{"line":49,"column":17}},{"start":{"line":39,"column":16},"end":{"line":49,"column":17}}]},"5":{"loc":{"start":{"line":63,"column":33},"end":{"line":63,"column":35}},"type":"cond-expr","locations":[{"start":{"line":63,"column":33},"end":{"line":63,"column":35}},{"start":{"line":63,"column":38},"end":{"line":63,"column":43}}]}},"s":{"0":3,"1":0,"2":3,"3":7,"4":0,"5":0,"6":0,"7":0,"8":0,"9":0,"10":0,"11":0,"12":0,"13":0,"14":0,"15":7},"f":{"0":0,"1":7,"2":0},"b":{"0":[0],"1":[0,0],"2":[0,0],"3":[0,0],"4":[0,0],"5":[3,4]}}
}
