TN:
SF:C:\Users\sasikumar.nagalingam\source\repos\ReactApp\ReactApp\src\configureStore.ts
FN:9,configureStore
FN:16,(anonymous_1)
FN:25,(anonymous_2)
FN:34,buildRootReducer
FNF:4
FNH:0
FNDA:0,configureStore
FNDA:0,(anonymous_1)
FNDA:0,(anonymous_2)
FNDA:0,buildRootReducer
DA:11,0
DA:13,0
DA:14,0
DA:16,0
DA:20,0
DA:21,0
DA:24,0
DA:25,0
DA:26,0
DA:27,0
DA:31,0
DA:35,0
LF:12
LH:0
BRDA:11,0,0,0
BRDA:11,0,1,0
BRDA:13,1,0,0
BRDA:13,1,1,0
BRDA:16,2,0,0
BRDA:16,2,1,0
BRDA:24,3,0,0
BRDA:24,3,1,0
BRF:8
BRH:0
end_of_record
TN:
SF:C:\Users\sasikumar.nagalingam\source\repos\ReactApp\ReactApp\src\routes.tsx
FNF:0
FNH:0
DA:9,1
LF:1
LH:1
BRF:0
BRH:0
end_of_record
TN:
SF:C:\Users\sasikumar.nagalingam\source\repos\ReactApp\ReactApp\src\api\apiUrl.dev.ts
FN:1,(anonymous_0)
FNF:1
FNH:1
FNDA:3,(anonymous_0)
DA:1,3
DA:2,3
DA:3,3
DA:4,3
LF:4
LH:4
BRF:0
BRH:0
end_of_record
TN:
SF:C:\Users\sasikumar.nagalingam\source\repos\ReactApp\ReactApp\src\api\Prospect\ProspectApi.ts
FN:24,(anonymous_0)
FN:24,(anonymous_1)
FN:24,(anonymous_2)
FN:32,(anonymous_3)
FN:33,(anonymous_4)
FN:51,(anonymous_5)
FN:77,(anonymous_6)
FN:168,(anonymous_7)
FN:185,(anonymous_8)
FN:186,(anonymous_9)
FN:193,(anonymous_10)
FN:213,(anonymous_11)
FN:313,(anonymous_12)
FN:324,(anonymous_13)
FN:345,(anonymous_14)
FN:345,(anonymous_15)
FN:345,(anonymous_16)
FNF:17
FNH:0
FNDA:0,(anonymous_0)
FNDA:0,(anonymous_1)
FNDA:0,(anonymous_2)
FNDA:0,(anonymous_3)
FNDA:0,(anonymous_4)
FNDA:0,(anonymous_5)
FNDA:0,(anonymous_6)
FNDA:0,(anonymous_7)
FNDA:0,(anonymous_8)
FNDA:0,(anonymous_9)
FNDA:0,(anonymous_10)
FNDA:0,(anonymous_11)
FNDA:0,(anonymous_12)
FNDA:0,(anonymous_13)
FNDA:0,(anonymous_14)
FNDA:0,(anonymous_15)
FNDA:0,(anonymous_16)
DA:21,1
DA:22,1
DA:24,1
DA:25,0
DA:28,0
DA:29,0
DA:32,0
DA:35,0
DA:36,0
DA:37,0
DA:38,0
DA:39,0
DA:40,0
DA:41,0
DA:42,0
DA:43,0
DA:46,0
DA:50,0
DA:51,0
DA:53,0
DA:54,0
DA:55,0
DA:56,0
DA:57,0
DA:58,0
DA:60,0
DA:62,0
DA:63,0
DA:64,0
DA:65,0
DA:66,0
DA:67,0
DA:69,0
DA:76,0
DA:77,0
DA:79,0
DA:80,0
DA:82,0
DA:83,0
DA:85,0
DA:86,0
DA:92,0
DA:93,0
DA:94,0
DA:96,0
DA:97,0
DA:98,0
DA:99,0
DA:100,0
DA:101,0
DA:102,0
DA:103,0
DA:104,0
DA:105,0
DA:106,0
DA:107,0
DA:108,0
DA:109,0
DA:110,0
DA:111,0
DA:112,0
DA:113,0
DA:114,0
DA:115,0
DA:116,0
DA:117,0
DA:118,0
DA:119,0
DA:120,0
DA:121,0
DA:122,0
DA:123,0
DA:124,0
DA:125,0
DA:126,0
DA:127,0
DA:128,0
DA:129,0
DA:130,0
DA:131,0
DA:132,0
DA:133,0
DA:134,0
DA:135,0
DA:136,0
DA:137,0
DA:138,0
DA:139,0
DA:140,0
DA:143,0
DA:145,0
DA:146,0
DA:147,0
DA:148,0
DA:149,0
DA:150,0
DA:151,0
DA:152,0
DA:153,0
DA:156,0
DA:160,0
DA:164,0
DA:165,0
DA:173,0
DA:174,0
DA:175,0
DA:183,0
DA:184,0
DA:185,0
DA:189,0
DA:190,0
DA:194,0
DA:198,0
DA:199,0
DA:200,0
DA:207,0
DA:208,0
DA:210,0
DA:211,0
DA:213,0
DA:214,0
DA:215,0
DA:219,0
DA:220,0
DA:221,0
DA:222,0
DA:225,0
DA:226,0
DA:228,0
DA:229,0
DA:230,0
DA:231,0
DA:232,0
DA:233,0
DA:234,0
DA:235,0
DA:236,0
DA:237,0
DA:238,0
DA:239,0
DA:240,0
DA:241,0
DA:242,0
DA:243,0
DA:244,0
DA:245,0
DA:246,0
DA:248,0
DA:249,0
DA:250,0
DA:251,0
DA:252,0
DA:254,0
DA:255,0
DA:256,0
DA:257,0
DA:259,0
DA:260,0
DA:261,0
DA:262,0
DA:264,0
DA:265,0
DA:266,0
DA:267,0
DA:268,0
DA:269,0
DA:270,0
DA:271,0
DA:272,0
DA:274,0
DA:275,0
DA:276,0
DA:277,0
DA:278,0
DA:279,0
DA:280,0
DA:281,0
DA:282,0
DA:283,0
DA:284,0
DA:285,0
DA:286,0
DA:287,0
DA:288,0
DA:289,0
DA:290,0
DA:291,0
DA:292,0
DA:293,0
DA:294,0
DA:295,0
DA:297,0
DA:305,0
DA:315,0
DA:316,0
DA:317,0
DA:319,0
DA:320,0
DA:321,0
DA:327,0
DA:328,0
DA:333,0
DA:334,0
DA:336,0
DA:339,0
DA:340,0
DA:345,1
DA:346,0
DA:348,0
DA:351,0
LF:210
LH:4
BRDA:26,0,0,0
BRDA:26,0,1,0
BRDA:26,0,2,0
BRDA:26,0,3,0
BRDA:36,1,0,0
BRDA:36,1,1,0
BRDA:36,2,0,0
BRDA:36,2,1,0
BRDA:42,3,0,0
BRDA:42,3,1,0
BRDA:50,4,0,0
BRDA:50,4,1,0
BRDA:50,5,0,0
BRDA:50,5,1,0
BRDA:53,6,0,0
BRDA:53,6,1,0
BRDA:62,7,0,0
BRDA:62,7,1,0
BRDA:76,8,0,0
BRDA:76,8,1,0
BRDA:76,9,0,0
BRDA:76,9,1,0
BRDA:79,10,0,0
BRDA:79,10,1,0
BRDA:82,11,0,0
BRDA:82,11,1,0
BRDA:85,12,0,0
BRDA:85,12,1,0
BRDA:93,13,0,0
BRDA:93,13,1,0
BRDA:93,14,0,0
BRDA:93,14,1,0
BRDA:93,14,2,0
BRDA:97,15,0,0
BRDA:97,15,1,0
BRDA:98,16,0,0
BRDA:98,16,1,0
BRDA:98,17,0,0
BRDA:98,17,1,0
BRDA:99,18,0,0
BRDA:99,18,1,0
BRDA:99,19,0,0
BRDA:99,19,1,0
BRDA:100,20,0,0
BRDA:100,20,1,0
BRDA:100,21,0,0
BRDA:100,21,1,0
BRDA:101,22,0,0
BRDA:101,22,1,0
BRDA:101,23,0,0
BRDA:101,23,1,0
BRDA:119,24,0,0
BRDA:119,24,1,0
BRDA:119,25,0,0
BRDA:119,25,1,0
BRDA:120,26,0,0
BRDA:120,26,1,0
BRDA:120,27,0,0
BRDA:120,27,1,0
BRDA:121,28,0,0
BRDA:121,28,1,0
BRDA:121,29,0,0
BRDA:121,29,1,0
BRDA:138,30,0,0
BRDA:138,30,1,0
BRDA:138,31,0,0
BRDA:138,31,1,0
BRDA:139,32,0,0
BRDA:139,32,1,0
BRDA:139,33,0,0
BRDA:139,33,1,0
BRDA:145,34,0,0
BRDA:145,34,1,0
BRDA:145,35,0,0
BRDA:145,35,1,0
BRDA:214,36,0,0
BRDA:214,36,1,0
BRDA:219,37,0,0
BRDA:219,37,1,0
BRDA:225,38,0,0
BRDA:225,38,1,0
BRDA:250,39,0,0
BRDA:250,39,1,0
BRDA:255,40,0,0
BRDA:255,40,1,0
BRDA:260,41,0,0
BRDA:260,41,1,0
BRDA:316,42,0,0
BRDA:316,42,1,0
BRDA:316,43,0,0
BRDA:316,43,1,0
BRF:91
BRH:0
end_of_record
TN:
SF:C:\Users\sasikumar.nagalingam\source\repos\ReactApp\ReactApp\src\api\prospect\prospectApi.ts
FN:24,(anonymous_0)
FN:24,(anonymous_1)
FN:24,(anonymous_2)
FN:32,(anonymous_3)
FN:33,(anonymous_4)
FN:51,(anonymous_5)
FN:77,(anonymous_6)
FN:168,(anonymous_7)
FN:185,(anonymous_8)
FN:186,(anonymous_9)
FN:193,(anonymous_10)
FN:213,(anonymous_11)
FN:313,(anonymous_12)
FN:324,(anonymous_13)
FN:345,(anonymous_14)
FN:345,(anonymous_15)
FN:345,(anonymous_16)
FNF:17
FNH:3
FNDA:2,(anonymous_0)
FNDA:2,(anonymous_1)
FNDA:2,(anonymous_2)
FNDA:0,(anonymous_3)
FNDA:0,(anonymous_4)
FNDA:0,(anonymous_5)
FNDA:0,(anonymous_6)
FNDA:0,(anonymous_7)
FNDA:0,(anonymous_8)
FNDA:0,(anonymous_9)
FNDA:0,(anonymous_10)
FNDA:0,(anonymous_11)
FNDA:0,(anonymous_12)
FNDA:0,(anonymous_13)
FNDA:0,(anonymous_14)
FNDA:0,(anonymous_15)
FNDA:0,(anonymous_16)
DA:21,2
DA:22,2
DA:24,2
DA:25,2
DA:28,0
DA:29,0
DA:32,0
DA:35,0
DA:36,0
DA:37,0
DA:38,0
DA:39,0
DA:40,0
DA:41,0
DA:42,0
DA:43,0
DA:46,0
DA:50,0
DA:51,0
DA:53,0
DA:54,0
DA:55,0
DA:56,0
DA:57,0
DA:58,0
DA:60,0
DA:62,0
DA:63,0
DA:64,0
DA:65,0
DA:66,0
DA:67,0
DA:69,0
DA:76,0
DA:77,0
DA:79,0
DA:80,0
DA:82,0
DA:83,0
DA:85,0
DA:86,0
DA:92,0
DA:93,0
DA:94,0
DA:96,0
DA:97,0
DA:98,0
DA:99,0
DA:100,0
DA:101,0
DA:102,0
DA:103,0
DA:104,0
DA:105,0
DA:106,0
DA:107,0
DA:108,0
DA:109,0
DA:110,0
DA:111,0
DA:112,0
DA:113,0
DA:114,0
DA:115,0
DA:116,0
DA:117,0
DA:118,0
DA:119,0
DA:120,0
DA:121,0
DA:122,0
DA:123,0
DA:124,0
DA:125,0
DA:126,0
DA:127,0
DA:128,0
DA:129,0
DA:130,0
DA:131,0
DA:132,0
DA:133,0
DA:134,0
DA:135,0
DA:136,0
DA:137,0
DA:138,0
DA:139,0
DA:140,0
DA:143,0
DA:145,0
DA:146,0
DA:147,0
DA:148,0
DA:149,0
DA:150,0
DA:151,0
DA:152,0
DA:153,0
DA:156,0
DA:160,0
DA:164,0
DA:165,0
DA:173,0
DA:174,0
DA:175,0
DA:183,2
DA:184,2
DA:185,0
DA:189,0
DA:190,0
DA:194,0
DA:198,0
DA:199,0
DA:200,0
DA:207,0
DA:208,0
DA:210,0
DA:211,0
DA:213,0
DA:214,0
DA:215,0
DA:219,0
DA:220,0
DA:221,0
DA:222,0
DA:225,0
DA:226,0
DA:228,0
DA:229,0
DA:230,0
DA:231,0
DA:232,0
DA:233,0
DA:234,0
DA:235,0
DA:236,0
DA:237,0
DA:238,0
DA:239,0
DA:240,0
DA:241,0
DA:242,0
DA:243,0
DA:244,0
DA:245,0
DA:246,0
DA:248,0
DA:249,0
DA:250,0
DA:251,0
DA:252,0
DA:254,0
DA:255,0
DA:256,0
DA:257,0
DA:259,0
DA:260,0
DA:261,0
DA:262,0
DA:264,0
DA:265,0
DA:266,0
DA:267,0
DA:268,0
DA:269,0
DA:270,0
DA:271,0
DA:272,0
DA:274,0
DA:275,0
DA:276,0
DA:277,0
DA:278,0
DA:279,0
DA:280,0
DA:281,0
DA:282,0
DA:283,0
DA:284,0
DA:285,0
DA:286,0
DA:287,0
DA:288,0
DA:289,0
DA:290,0
DA:291,0
DA:292,0
DA:293,0
DA:294,0
DA:295,0
DA:297,0
DA:305,0
DA:315,0
DA:316,0
DA:317,0
DA:319,0
DA:320,0
DA:321,0
DA:327,0
DA:328,0
DA:333,0
DA:334,0
DA:336,0
DA:339,0
DA:340,0
DA:345,2
DA:346,0
DA:348,0
DA:351,0
LF:210
LH:7
BRDA:26,0,0,0
BRDA:26,0,1,2
BRDA:26,0,2,0
BRDA:26,0,3,0
BRDA:36,1,0,0
BRDA:36,1,1,0
BRDA:36,2,0,0
BRDA:36,2,1,0
BRDA:42,3,0,0
BRDA:42,3,1,0
BRDA:50,4,0,0
BRDA:50,4,1,0
BRDA:50,5,0,0
BRDA:50,5,1,0
BRDA:53,6,0,0
BRDA:53,6,1,0
BRDA:62,7,0,0
BRDA:62,7,1,0
BRDA:76,8,0,0
BRDA:76,8,1,0
BRDA:76,9,0,0
BRDA:76,9,1,0
BRDA:79,10,0,0
BRDA:79,10,1,0
BRDA:82,11,0,0
BRDA:82,11,1,0
BRDA:85,12,0,0
BRDA:85,12,1,0
BRDA:93,13,0,0
BRDA:93,13,1,0
BRDA:93,14,0,0
BRDA:93,14,1,0
BRDA:93,14,2,0
BRDA:97,15,0,0
BRDA:97,15,1,0
BRDA:98,16,0,0
BRDA:98,16,1,0
BRDA:98,17,0,0
BRDA:98,17,1,0
BRDA:99,18,0,0
BRDA:99,18,1,0
BRDA:99,19,0,0
BRDA:99,19,1,0
BRDA:100,20,0,0
BRDA:100,20,1,0
BRDA:100,21,0,0
BRDA:100,21,1,0
BRDA:101,22,0,0
BRDA:101,22,1,0
BRDA:101,23,0,0
BRDA:101,23,1,0
BRDA:119,24,0,0
BRDA:119,24,1,0
BRDA:119,25,0,0
BRDA:119,25,1,0
BRDA:120,26,0,0
BRDA:120,26,1,0
BRDA:120,27,0,0
BRDA:120,27,1,0
BRDA:121,28,0,0
BRDA:121,28,1,0
BRDA:121,29,0,0
BRDA:121,29,1,0
BRDA:138,30,0,0
BRDA:138,30,1,0
BRDA:138,31,0,0
BRDA:138,31,1,0
BRDA:139,32,0,0
BRDA:139,32,1,0
BRDA:139,33,0,0
BRDA:139,33,1,0
BRDA:145,34,0,0
BRDA:145,34,1,0
BRDA:145,35,0,0
BRDA:145,35,1,0
BRDA:214,36,0,0
BRDA:214,36,1,0
BRDA:219,37,0,0
BRDA:219,37,1,0
BRDA:225,38,0,0
BRDA:225,38,1,0
BRDA:250,39,0,0
BRDA:250,39,1,0
BRDA:255,40,0,0
BRDA:255,40,1,0
BRDA:260,41,0,0
BRDA:260,41,1,0
BRDA:316,42,0,0
BRDA:316,42,1,0
BRDA:316,43,0,0
BRDA:316,43,1,0
BRF:91
BRH:1
end_of_record
TN:
SF:C:\Users\sasikumar.nagalingam\source\repos\ReactApp\ReactApp\src\components\ProspectComponent\IncomeSourceComponent.tsx
FN:13,(anonymous_5)
FN:14,IncomeSource
FN:18,(anonymous_7)
FN:22,(anonymous_8)
FNF:4
FNH:1
FNDA:1,(anonymous_5)
FNDA:0,IncomeSource
FNDA:0,(anonymous_7)
FNDA:0,(anonymous_8)
DA:13,1
DA:15,0
DA:16,0
DA:18,1
DA:19,0
DA:20,0
DA:22,1
DA:23,0
DA:65,1
LF:9
LH:4
BRDA:15,0,0,0
BRDA:15,0,1,0
BRF:2
BRH:0
end_of_record
TN:
SF:C:\Users\sasikumar.nagalingam\source\repos\ReactApp\ReactApp\src\components\ProspectComponent\InvestorProfileComponent.tsx
FN:33,(anonymous_5)
FN:34,InvestorProfile
FN:38,(anonymous_7)
FN:42,(anonymous_8)
FN:46,(anonymous_9)
FNF:5
FNH:1
FNDA:1,(anonymous_5)
FNDA:0,InvestorProfile
FNDA:0,(anonymous_7)
FNDA:0,(anonymous_8)
FNDA:0,(anonymous_9)
DA:33,1
DA:35,0
DA:36,0
DA:38,1
DA:39,0
DA:40,0
DA:42,1
DA:43,0
DA:45,0
DA:46,0
DA:48,0
DA:232,1
LF:12
LH:4
BRDA:35,0,0,0
BRDA:35,0,1,0
BRDA:45,1,0,0
BRDA:45,1,1,0
BRF:4
BRH:0
end_of_record
TN:
SF:C:\Users\sasikumar.nagalingam\source\repos\ReactApp\ReactApp\src\components\ProspectComponent\PersonalInformationComponent.tsx
FN:11,(anonymous_5)
FN:12,PersonalInformation
FN:17,(anonymous_7)
FN:21,(anonymous_8)
FN:26,(anonymous_9)
FN:31,(anonymous_10)
FNF:6
FNH:1
FNDA:1,(anonymous_5)
FNDA:0,PersonalInformation
FNDA:0,(anonymous_7)
FNDA:0,(anonymous_8)
FNDA:0,(anonymous_9)
FNDA:0,(anonymous_10)
DA:11,1
DA:13,0
DA:14,0
DA:15,0
DA:17,1
DA:18,0
DA:19,0
DA:21,1
DA:22,0
DA:23,0
DA:26,1
DA:27,0
DA:29,0
DA:31,0
DA:34,0
DA:243,1
DA:247,1
LF:17
LH:6
BRDA:13,0,0,0
BRDA:13,0,1,0
BRDA:29,1,0,0
BRDA:29,1,1,0
BRDA:107,2,0,0
BRDA:107,2,1,0
BRF:6
BRH:0
end_of_record
TN:
SF:C:\Users\sasikumar.nagalingam\source\repos\ReactApp\ReactApp\src\constants\ActionTypes.ts
FNF:0
FNH:0
DA:1,3
DA:2,3
DA:3,3
DA:4,3
DA:5,3
DA:6,3
DA:7,3
DA:9,3
DA:10,3
DA:11,3
DA:12,3
DA:13,3
DA:14,3
DA:15,3
DA:16,3
LF:15
LH:15
BRF:0
BRH:0
end_of_record
TN:
SF:C:\Users\sasikumar.nagalingam\source\repos\ReactApp\ReactApp\src\constants\actionTypes.ts
FNF:0
FNH:0
DA:1,3
DA:2,3
DA:3,3
DA:4,3
DA:5,3
DA:6,3
DA:7,3
DA:9,3
DA:10,3
DA:11,3
DA:12,3
DA:13,3
DA:14,3
DA:15,3
DA:16,3
LF:15
LH:15
BRF:0
BRH:0
end_of_record
TN:
SF:C:\Users\sasikumar.nagalingam\source\repos\ReactApp\ReactApp\src\constants\index.ts
FNF:0
FNH:0
DA:1,3
DA:2,3
LF:2
LH:2
BRF:0
BRH:0
end_of_record
TN:
SF:C:\Users\sasikumar.nagalingam\source\repos\ReactApp\ReactApp\src\containers\ProspectContainer\IncomeSourceContainer.ts
FN:5,(anonymous_0)
FNF:1
FNH:0
FNDA:0,(anonymous_0)
DA:5,1
DA:14,1
LF:2
LH:2
BRF:0
BRH:0
end_of_record
TN:
SF:C:\Users\sasikumar.nagalingam\source\repos\ReactApp\ReactApp\src\containers\ProspectContainer\InvestorProfileContainer.ts
FN:5,(anonymous_0)
FNF:1
FNH:0
FNDA:0,(anonymous_0)
DA:5,1
DA:29,1
LF:2
LH:2
BRF:0
BRH:0
end_of_record
TN:
SF:C:\Users\sasikumar.nagalingam\source\repos\ReactApp\ReactApp\src\containers\ProspectContainer\PersonalInformationContainer.ts
FN:10,(anonymous_0)
FN:11,(anonymous_1)
FN:28,(anonymous_2)
FN:51,(anonymous_3)
FNF:4
FNH:0
FNDA:0,(anonymous_0)
FNDA:0,(anonymous_1)
FNDA:0,(anonymous_2)
FNDA:0,(anonymous_3)
DA:10,1
DA:12,0
DA:13,0
DA:14,0
DA:16,0
DA:17,0
DA:19,0
DA:20,0
DA:24,0
DA:25,0
DA:29,0
DA:30,0
DA:31,0
DA:33,0
DA:34,0
DA:36,0
DA:38,0
DA:39,0
DA:43,0
DA:44,0
DA:51,1
DA:80,1
LF:22
LH:3
BRDA:13,0,0,0
BRDA:13,0,1,0
BRDA:17,1,0,0
BRDA:17,1,1,0
BRDA:17,2,0,0
BRDA:17,2,1,0
BRDA:30,3,0,0
BRDA:30,3,1,0
BRDA:36,4,0,0
BRDA:36,4,1,0
BRDA:36,5,0,0
BRDA:36,5,1,0
BRF:12
BRH:0
end_of_record
TN:
SF:C:\Users\sasikumar.nagalingam\source\repos\ReactApp\ReactApp\src\containers\ProspectContainer\ProspectEditContainer.tsx
FN:30,(anonymous_5)
FN:31,(anonymous_7)
FN:34,(anonymous_8)
FN:39,(anonymous_9)
FN:42,(anonymous_10)
FN:68,(anonymous_11)
FN:72,(anonymous_12)
FN:87,(anonymous_13)
FN:91,(anonymous_14)
FN:92,(anonymous_15)
FN:112,(anonymous_16)
FN:117,(anonymous_17)
FN:136,(anonymous_18)
FNF:13
FNH:1
FNDA:1,(anonymous_5)
FNDA:0,(anonymous_7)
FNDA:0,(anonymous_8)
FNDA:0,(anonymous_9)
FNDA:0,(anonymous_10)
FNDA:0,(anonymous_11)
FNDA:0,(anonymous_12)
FNDA:0,(anonymous_13)
FNDA:0,(anonymous_14)
FNDA:0,(anonymous_15)
FNDA:0,(anonymous_16)
FNDA:0,(anonymous_17)
FNDA:0,(anonymous_18)
DA:30,1
DA:31,1
DA:32,0
DA:34,1
DA:39,1
DA:40,0
DA:41,0
DA:42,0
DA:44,0
DA:46,0
DA:51,0
DA:69,0
DA:70,0
DA:73,0
DA:74,0
DA:80,1
DA:86,1
DA:87,1
DA:91,1
DA:93,0
DA:94,0
DA:95,0
DA:96,0
DA:98,0
DA:100,0
DA:101,0
DA:105,0
DA:106,0
DA:110,0
DA:113,0
DA:114,0
DA:118,0
DA:119,0
DA:120,0
DA:121,0
DA:136,1
DA:137,0
LF:37
LH:9
BRDA:41,0,0,0
BRDA:41,0,1,0
BRDA:41,1,0,0
BRDA:41,1,1,0
BRDA:41,1,2,0
BRDA:42,2,0,0
BRDA:42,2,1,0
BRDA:44,3,0,0
BRDA:44,3,1,0
BRDA:54,4,0,0
BRDA:54,4,1,0
BRDA:98,5,0,0
BRDA:98,5,1,0
BRDA:98,6,0,0
BRDA:98,6,1,0
BRDA:113,7,0,0
BRDA:113,7,1,0
BRF:17
BRH:0
end_of_record
TN:
SF:C:\Users\sasikumar.nagalingam\source\repos\ReactApp\ReactApp\src\shared\LoaderComponent\LoaderComponent.tsx
FN:3,(anonymous_5)
FN:4,(anonymous_7)
FNF:2
FNH:1
FNDA:1,(anonymous_5)
FNDA:0,(anonymous_7)
DA:3,1
DA:4,1
DA:6,0
DA:8,1
LF:4
LH:3
BRF:0
BRH:0
end_of_record
TN:
SF:C:\Users\sasikumar.nagalingam\source\repos\ReactApp\ReactApp\src\shared\TabContainerComponent\TabContainerComponent.tsx
FN:8,(anonymous_5)
FN:9,(anonymous_7)
FN:29,(anonymous_8)
FN:31,(anonymous_9)
FN:49,(anonymous_10)
FN:50,TabHeader
FN:60,(anonymous_12)
FN:55,(anonymous_13)
FN:69,(anonymous_14)
FN:80,(anonymous_15)
FN:85,(anonymous_16)
FN:89,(anonymous_17)
FN:90,(anonymous_19)
FNF:13
FNH:3
FNDA:1,(anonymous_5)
FNDA:0,(anonymous_7)
FNDA:0,(anonymous_8)
FNDA:0,(anonymous_9)
FNDA:1,(anonymous_10)
FNDA:0,TabHeader
FNDA:0,(anonymous_12)
FNDA:0,(anonymous_13)
FNDA:0,(anonymous_14)
FNDA:0,(anonymous_15)
FNDA:0,(anonymous_16)
FNDA:1,(anonymous_17)
FNDA:0,(anonymous_19)
DA:4,1
DA:8,1
DA:9,1
DA:10,0
DA:11,0
DA:14,0
DA:18,0
DA:29,1
DA:30,0
DA:31,0
DA:32,0
DA:33,0
DA:34,0
DA:38,0
DA:40,1
DA:49,1
DA:51,0
DA:52,0
DA:53,0
DA:55,1
DA:56,0
DA:60,0
DA:61,0
DA:62,0
DA:63,0
DA:65,0
DA:66,0
DA:67,0
DA:69,1
DA:70,0
DA:71,0
DA:72,0
DA:73,0
DA:75,0
DA:76,0
DA:77,0
DA:78,0
DA:80,1
DA:81,0
DA:82,0
DA:85,1
DA:87,1
DA:89,1
DA:90,1
DA:91,0
DA:92,0
DA:98,1
LF:47
LH:14
BRDA:51,0,0,0
BRDA:51,0,1,0
BRDA:81,1,0,0
BRDA:81,1,1,0
BRF:4
BRH:0
end_of_record
TN:
SF:C:\Users\sasikumar.nagalingam\source\repos\ReactApp\ReactApp\src\shared\ValicInputComponent\ValicInputComponent.tsx
FN:15,(anonymous_6)
FN:16,ValicInput
FN:25,(anonymous_8)
FN:31,(anonymous_9)
FN:35,(anonymous_10)
FN:62,(anonymous_11)
FN:89,(anonymous_12)
FN:114,(anonymous_13)
FN:122,(anonymous_14)
FN:130,(anonymous_15)
FN:138,(anonymous_16)
FN:152,(anonymous_17)
FNF:12
FNH:8
FNDA:2,(anonymous_6)
FNDA:13,ValicInput
FNDA:0,(anonymous_8)
FNDA:0,(anonymous_9)
FNDA:2,(anonymous_10)
FNDA:0,(anonymous_11)
FNDA:1,(anonymous_12)
FNDA:2,(anonymous_13)
FNDA:1,(anonymous_14)
FNDA:0,(anonymous_15)
FNDA:3,(anonymous_16)
FNDA:16,(anonymous_17)
DA:15,2
DA:17,13
DA:19,13
DA:20,13
DA:21,13
DA:22,13
DA:23,13
DA:25,2
DA:26,0
DA:27,0
DA:28,0
DA:31,2
DA:32,0
DA:33,0
DA:35,2
DA:36,2
DA:37,2
DA:38,2
DA:39,2
DA:40,2
DA:41,2
DA:43,0
DA:44,0
DA:47,2
DA:48,2
DA:49,1
DA:50,1
DA:54,1
DA:55,1
DA:60,2
DA:62,2
DA:63,0
DA:64,0
DA:65,0
DA:66,0
DA:68,0
DA:70,0
DA:71,0
DA:74,0
DA:75,0
DA:77,0
DA:78,0
DA:81,0
DA:82,0
DA:87,0
DA:89,2
DA:90,1
DA:91,1
DA:92,1
DA:93,1
DA:95,1
DA:96,0
DA:97,0
DA:100,1
DA:101,1
DA:102,0
DA:103,0
DA:106,1
DA:107,1
DA:112,1
DA:114,2
DA:115,2
DA:116,2
DA:117,2
DA:118,1
DA:120,2
DA:122,2
DA:123,1
DA:124,1
DA:125,1
DA:126,0
DA:128,1
DA:130,2
DA:131,0
DA:132,0
DA:133,0
DA:134,0
DA:136,0
DA:138,2
DA:139,3
DA:141,3
DA:143,0
DA:148,3
DA:150,3
DA:152,2
DA:153,16
DA:155,16
DA:157,16
DA:159,1
DA:160,1
DA:162,2
DA:163,2
DA:165,5
DA:166,5
DA:168,4
DA:169,4
DA:171,4
DA:172,4
DA:174,16
DA:176,2
LF:100
LH:68
BRDA:17,0,0,13
BRDA:17,0,1,13
BRDA:27,1,0,0
BRDA:27,1,1,0
BRDA:41,2,0,0
BRDA:41,2,1,2
BRDA:48,3,0,1
BRDA:48,3,1,1
BRDA:68,4,0,0
BRDA:68,4,1,0
BRDA:75,5,0,0
BRDA:75,5,1,0
BRDA:95,6,0,0
BRDA:95,6,1,1
BRDA:101,7,0,0
BRDA:101,7,1,1
BRDA:117,8,0,1
BRDA:117,8,1,1
BRDA:117,9,0,2
BRDA:117,9,1,2
BRDA:125,10,0,0
BRDA:125,10,1,1
BRDA:125,11,0,1
BRDA:125,11,1,1
BRDA:133,12,0,0
BRDA:133,12,1,0
BRDA:133,13,0,0
BRDA:133,13,1,0
BRDA:141,14,0,0
BRDA:141,14,1,3
BRDA:141,15,0,3
BRDA:141,15,1,0
BRDA:153,16,0,16
BRDA:153,16,1,0
BRDA:153,17,0,16
BRDA:153,17,1,16
BRDA:158,18,0,1
BRDA:158,18,1,2
BRDA:158,18,2,5
BRDA:158,18,3,4
BRDA:158,18,4,4
BRF:41
BRH:24
end_of_record
TN:
SF:C:\Users\sasikumar.nagalingam\source\repos\ReactApp\ReactApp\src\shared\ValicValidationMessageComponent\ValicValidationMessageComponent.tsx
FN:12,(anonymous_5)
FN:13,(anonymous_7)
FN:16,(anonymous_8)
FNF:3
FNH:1
FNDA:1,(anonymous_5)
FNDA:0,(anonymous_7)
FNDA:0,(anonymous_8)
DA:12,1
DA:13,1
DA:14,0
DA:15,0
DA:17,0
DA:18,0
DA:22,0
DA:27,1
DA:33,1
LF:9
LH:4
BRDA:16,0,0,0
BRDA:16,0,1,0
BRDA:16,1,0,0
BRDA:16,1,1,0
BRDA:17,2,0,0
BRDA:17,2,1,0
BRF:6
BRH:0
end_of_record
TN:
SF:C:\Users\sasikumar.nagalingam\source\repos\ReactApp\ReactApp\src\shared\utility\Utility.ts
FN:2,(anonymous_0)
FN:12,(anonymous_1)
FN:37,(anonymous_2)
FN:59,(anonymous_3)
FN:61,(anonymous_4)
FNF:5
FNH:0
FNDA:0,(anonymous_0)
FNDA:0,(anonymous_1)
FNDA:0,(anonymous_2)
FNDA:0,(anonymous_3)
FNDA:0,(anonymous_4)
DA:2,1
DA:3,0
DA:4,0
DA:5,0
DA:8,0
DA:10,0
DA:12,1
DA:13,0
DA:14,0
DA:15,0
DA:16,0
DA:17,0
DA:20,0
DA:21,0
DA:22,0
DA:25,0
DA:26,0
DA:37,1
DA:38,0
DA:39,0
DA:40,0
DA:41,0
DA:43,0
DA:44,0
DA:46,0
DA:47,0
DA:49,0
DA:50,0
DA:53,0
DA:54,0
DA:57,0
DA:59,1
DA:60,0
DA:61,0
DA:62,0
DA:63,0
DA:67,0
LF:37
LH:4
BRDA:4,0,0,0
BRDA:4,0,1,0
BRDA:4,1,0,0
BRDA:4,1,1,0
BRDA:16,2,0,0
BRDA:16,2,1,0
BRDA:20,3,0,0
BRDA:20,3,1,0
BRDA:40,4,0,0
BRDA:40,4,1,0
BRDA:41,5,0,0
BRDA:41,5,1,0
BRDA:43,6,0,0
BRDA:43,6,1,0
BRDA:43,7,0,0
BRDA:43,7,1,0
BRDA:43,7,2,0
BRDA:46,8,0,0
BRDA:46,8,1,0
BRDA:46,9,0,0
BRDA:46,9,1,0
BRDA:46,9,2,0
BRDA:49,10,0,0
BRDA:49,10,1,0
BRDA:49,11,0,0
BRDA:49,11,1,0
BRDA:49,11,2,0
BRDA:53,12,0,0
BRDA:53,12,1,0
BRDA:53,13,0,0
BRDA:53,13,1,0
BRDA:53,13,2,0
BRDA:60,14,0,0
BRDA:60,14,1,0
BRDA:62,15,0,0
BRDA:62,15,1,0
BRDA:62,16,0,0
BRDA:62,16,1,0
BRF:38
BRH:0
end_of_record
TN:
SF:C:\Users\sasikumar.nagalingam\source\repos\ReactApp\ReactApp\src\shared\utility\utility.ts
FN:2,(anonymous_0)
FN:12,(anonymous_1)
FN:37,(anonymous_2)
FN:59,(anonymous_3)
FN:61,(anonymous_4)
FNF:5
FNH:0
FNDA:0,(anonymous_0)
FNDA:0,(anonymous_1)
FNDA:0,(anonymous_2)
FNDA:0,(anonymous_3)
FNDA:0,(anonymous_4)
DA:2,1
DA:3,0
DA:4,0
DA:5,0
DA:8,0
DA:10,0
DA:12,1
DA:13,0
DA:14,0
DA:15,0
DA:16,0
DA:17,0
DA:20,0
DA:21,0
DA:22,0
DA:25,0
DA:26,0
DA:37,1
DA:38,0
DA:39,0
DA:40,0
DA:41,0
DA:43,0
DA:44,0
DA:46,0
DA:47,0
DA:49,0
DA:50,0
DA:53,0
DA:54,0
DA:57,0
DA:59,1
DA:60,0
DA:61,0
DA:62,0
DA:63,0
DA:67,0
LF:37
LH:4
BRDA:4,0,0,0
BRDA:4,0,1,0
BRDA:4,1,0,0
BRDA:4,1,1,0
BRDA:16,2,0,0
BRDA:16,2,1,0
BRDA:20,3,0,0
BRDA:20,3,1,0
BRDA:40,4,0,0
BRDA:40,4,1,0
BRDA:41,5,0,0
BRDA:41,5,1,0
BRDA:43,6,0,0
BRDA:43,6,1,0
BRDA:43,7,0,0
BRDA:43,7,1,0
BRDA:43,7,2,0
BRDA:46,8,0,0
BRDA:46,8,1,0
BRDA:46,9,0,0
BRDA:46,9,1,0
BRDA:46,9,2,0
BRDA:49,10,0,0
BRDA:49,10,1,0
BRDA:49,11,0,0
BRDA:49,11,1,0
BRDA:49,11,2,0
BRDA:53,12,0,0
BRDA:53,12,1,0
BRDA:53,13,0,0
BRDA:53,13,1,0
BRDA:53,13,2,0
BRDA:60,14,0,0
BRDA:60,14,1,0
BRDA:62,15,0,0
BRDA:62,15,1,0
BRDA:62,16,0,0
BRDA:62,16,1,0
BRF:38
BRH:0
end_of_record
TN:
SF:C:\Users\sasikumar.nagalingam\source\repos\ReactApp\ReactApp\src\store\Loader.ts
FN:15,(anonymous_0)
FN:16,(anonymous_1)
FN:20,(anonymous_2)
FNF:3
FNH:1
FNDA:2,(anonymous_0)
FNDA:0,(anonymous_1)
FNDA:0,(anonymous_2)
DA:14,3
DA:15,2
DA:16,0
DA:20,3
DA:21,0
DA:23,0
DA:25,0
DA:28,0
DA:33,0
LF:9
LH:3
BRDA:22,0,0,0
BRDA:22,0,1,0
BRDA:22,0,2,0
BRDA:33,1,0,0
BRDA:33,1,1,0
BRF:5
BRH:0
end_of_record
TN:
SF:C:\Users\sasikumar.nagalingam\source\repos\ReactApp\ReactApp\src\store\Prospect.ts
FN:75,(anonymous_0)
FN:76,(anonymous_1)
FN:77,(anonymous_2)
FN:78,(anonymous_3)
FN:79,(anonymous_4)
FN:83,(anonymous_5)
FN:110,(anonymous_6)
FN:116,(anonymous_7)
FNF:8
FNH:0
FNDA:0,(anonymous_0)
FNDA:0,(anonymous_1)
FNDA:0,(anonymous_2)
FNDA:0,(anonymous_3)
FNDA:0,(anonymous_4)
FNDA:0,(anonymous_5)
FNDA:0,(anonymous_6)
FNDA:0,(anonymous_7)
DA:74,3
DA:75,0
DA:76,0
DA:77,0
DA:78,0
DA:79,0
DA:83,3
DA:84,0
DA:86,0
DA:88,0
DA:90,0
DA:94,0
DA:99,0
DA:109,3
DA:110,0
DA:116,3
DA:117,0
DA:119,0
DA:121,0
LF:19
LH:4
BRDA:85,0,0,0
BRDA:85,0,1,0
BRDA:85,0,2,0
BRDA:85,0,3,0
BRDA:99,1,0,0
BRDA:99,1,1,0
BRDA:118,2,0,0
BRDA:118,2,1,0
BRDA:121,3,0,0
BRDA:121,3,1,0
BRF:10
BRH:0
end_of_record
TN:
SF:C:\Users\sasikumar.nagalingam\source\repos\ReactApp\ReactApp\src\store\States.ts
FN:16,(anonymous_0)
FN:17,(anonymous_1)
FN:18,(anonymous_2)
FN:22,(anonymous_3)
FNF:4
FNH:0
FNDA:0,(anonymous_0)
FNDA:0,(anonymous_1)
FNDA:0,(anonymous_2)
FNDA:0,(anonymous_3)
DA:15,3
DA:16,0
DA:17,0
DA:18,0
DA:22,3
DA:23,0
DA:25,0
DA:28,0
DA:31,0
DA:36,0
LF:10
LH:2
BRDA:24,0,0,0
BRDA:24,0,1,0
BRDA:24,0,2,0
BRDA:24,0,3,0
BRDA:36,1,0,0
BRDA:36,1,1,0
BRF:6
BRH:0
end_of_record
TN:
SF:C:\Users\sasikumar.nagalingam\source\repos\ReactApp\ReactApp\src\store\index.ts
FNF:0
FNH:0
DA:26,1
LF:1
LH:1
BRF:0
BRH:0
end_of_record
TN:
SF:C:\Users\sasikumar.nagalingam\source\repos\ReactApp\ReactApp\src\store\loader.ts
FN:15,(anonymous_0)
FN:16,(anonymous_1)
FN:20,(anonymous_2)
FNF:3
FNH:1
FNDA:0,(anonymous_0)
FNDA:0,(anonymous_1)
FNDA:3,(anonymous_2)
DA:14,2
DA:15,0
DA:16,0
DA:20,2
DA:21,3
DA:23,1
DA:25,1
DA:28,1
DA:33,1
LF:9
LH:7
BRDA:22,0,0,1
BRDA:22,0,1,1
BRDA:22,0,2,1
BRDA:33,1,0,1
BRDA:33,1,1,0
BRF:5
BRH:4
end_of_record
TN:
SF:C:\Users\sasikumar.nagalingam\source\repos\ReactApp\ReactApp\src\store\prospect.ts
FN:75,(anonymous_0)
FN:76,(anonymous_1)
FN:77,(anonymous_2)
FN:78,(anonymous_3)
FN:79,(anonymous_4)
FN:83,(anonymous_5)
FN:110,(anonymous_6)
FN:116,(anonymous_7)
FNF:8
FNH:1
FNDA:1,(anonymous_0)
FNDA:0,(anonymous_1)
FNDA:0,(anonymous_2)
FNDA:0,(anonymous_3)
FNDA:0,(anonymous_4)
FNDA:0,(anonymous_5)
FNDA:0,(anonymous_6)
FNDA:0,(anonymous_7)
DA:74,2
DA:75,1
DA:76,0
DA:77,0
DA:78,0
DA:79,0
DA:83,2
DA:84,0
DA:86,0
DA:88,0
DA:90,0
DA:94,0
DA:99,0
DA:109,2
DA:110,0
DA:116,2
DA:117,0
DA:119,0
DA:121,0
LF:19
LH:5
BRDA:85,0,0,0
BRDA:85,0,1,0
BRDA:85,0,2,0
BRDA:85,0,3,0
BRDA:99,1,0,0
BRDA:99,1,1,0
BRDA:118,2,0,0
BRDA:118,2,1,0
BRDA:121,3,0,0
BRDA:121,3,1,0
BRF:10
BRH:0
end_of_record
TN:
SF:C:\Users\sasikumar.nagalingam\source\repos\ReactApp\ReactApp\src\store\states.ts
FN:16,(anonymous_0)
FN:17,(anonymous_1)
FN:18,(anonymous_2)
FN:22,(anonymous_3)
FNF:4
FNH:2
FNDA:1,(anonymous_0)
FNDA:0,(anonymous_1)
FNDA:0,(anonymous_2)
FNDA:2,(anonymous_3)
DA:15,2
DA:16,1
DA:17,0
DA:18,0
DA:22,2
DA:23,2
DA:25,1
DA:28,0
DA:31,1
DA:36,1
LF:10
LH:7
BRDA:24,0,0,1
BRDA:24,0,1,0
BRDA:24,0,2,0
BRDA:24,0,3,1
BRDA:36,1,0,1
BRDA:36,1,1,0
BRF:6
BRH:3
end_of_record
TN:
SF:C:\Users\sasikumar.nagalingam\source\repos\ReactApp\ReactApp\src\store\validationMessage.ts
FN:20,(anonymous_0)
FN:25,(anonymous_1)
FN:30,(anonymous_2)
FNF:3
FNH:0
FNDA:0,(anonymous_0)
FNDA:0,(anonymous_1)
FNDA:0,(anonymous_2)
DA:19,3
DA:20,0
DA:25,3
DA:26,0
DA:28,0
DA:29,0
DA:30,0
DA:31,0
DA:32,0
DA:33,0
DA:36,0
DA:39,0
DA:40,0
DA:48,0
DA:52,0
DA:63,0
LF:16
LH:2
BRDA:27,0,0,0
BRDA:28,1,0,0
BRDA:28,1,1,0
BRDA:28,2,0,0
BRDA:28,2,1,0
BRDA:31,3,0,0
BRDA:31,3,1,0
BRDA:39,4,0,0
BRDA:39,4,1,0
BRDA:63,5,0,0
BRDA:63,5,1,0
BRF:11
BRH:0
end_of_record
